2016-11-07 00:42:47.792 [ http-bio-8080-exec-3 ] - [ INFO  ] [ c.m.r.s.security.ResourceSecurityMetadataSource : 47 ] - 请求资源->资源:[/css/icheckflat/blue.css]->[[]]
2016-11-07 00:47:03.309 [ http-bio-8080-exec-8 ] - [ INFO  ] [ c.m.r.s.security.ResourceSecurityMetadataSource : 47 ] - 请求资源->资源:[/house/selectHouseDetailByHouseID]->[[]]
2016-11-07 00:47:03.319 [ http-bio-8080-exec-8 ] - [ INFO  ] [ c.m.r.s.security.MethodSecurityMetadataSource : 52 ] - 获取Method-资源:[com.magic.rent.service.IHouseService.selectByHouseID]->[[]]
2016-11-07 00:47:03.320 [ http-bio-8080-exec-8 ] - [ INFO  ] [ c.m.r.s.security.MethodSecurityMetadataSource : 52 ] - 获取Method-资源:[com.magic.rent.service.IHouseService.selectByHouseID]->[[]]
2016-11-07 00:47:03.393 [ http-bio-8080-exec-8 ] - [ INFO  ] [ c.m.r.s.security.ResourceSecurityMetadataSource : 47 ] - 请求资源->资源:[/css/icheckflat/blue.css]->[[]]
2016-11-07 00:47:03.463 [ http-bio-8080-exec-8 ] - [ INFO  ] [ c.m.r.s.security.ResourceSecurityMetadataSource : 47 ] - 请求资源->资源:[/user/getUserInfo]->[[]]
2016-11-07 00:47:03.468 [ http-bio-8080-exec-6 ] - [ INFO  ] [ c.m.r.s.security.ResourceSecurityMetadataSource : 47 ] - 请求资源->资源:[/rentMode/getRentModes]->[[]]
2016-11-07 00:47:03.469 [ http-bio-8080-exec-6 ] - [ INFO  ] [ c.m.r.s.security.MethodSecurityMetadataSource : 52 ] - 获取Method-资源:[com.magic.rent.service.IRentModeService.selectRentModesByHouseID]->[[]]
2016-11-07 00:47:03.470 [ http-bio-8080-exec-6 ] - [ INFO  ] [ c.m.r.s.security.MethodSecurityMetadataSource : 52 ] - 获取Method-资源:[com.magic.rent.service.IRentModeService.selectRentModesByHouseID]->[[]]
2016-11-07 00:47:03.475 [ http-bio-8080-exec-6 ] - [ INFO  ] [ com.magic.rent.util.JsonResult : 60 ] - JsonResult{status=true, message='null', data=[RentMode{id=1, name='分租'}, RentMode{id=2, name='整租'}]}
2016-11-07 00:47:11.587 [ http-bio-8080-exec-6 ] - [ INFO  ] [ c.m.r.s.security.ResourceSecurityMetadataSource : 47 ] - 请求资源->资源:[/css/icheckflat/blue.css]->[[]]
2016-11-07 00:47:25.577 [ http-bio-8080-exec-6 ] - [ INFO  ] [ c.m.r.s.security.ResourceSecurityMetadataSource : 47 ] - 请求资源->资源:[/house/selectHouseDetailByHouseID]->[[]]
2016-11-07 00:47:25.579 [ http-bio-8080-exec-6 ] - [ INFO  ] [ c.m.r.s.security.MethodSecurityMetadataSource : 52 ] - 获取Method-资源:[com.magic.rent.service.IHouseService.selectByHouseID]->[[]]
2016-11-07 00:47:25.580 [ http-bio-8080-exec-6 ] - [ INFO  ] [ c.m.r.s.security.MethodSecurityMetadataSource : 52 ] - 获取Method-资源:[com.magic.rent.service.IHouseService.selectByHouseID]->[[]]
2016-11-07 00:47:25.601 [ http-bio-8080-exec-5 ] - [ INFO  ] [ c.m.r.s.security.ResourceSecurityMetadataSource : 47 ] - 请求资源->资源:[/css/icheckflat/blue.css]->[[]]
2016-11-07 00:47:25.707 [ http-bio-8080-exec-7 ] - [ INFO  ] [ c.m.r.s.security.ResourceSecurityMetadataSource : 47 ] - 请求资源->资源:[/user/getUserInfo]->[[]]
2016-11-07 00:47:30.331 [ http-bio-8080-exec-7 ] - [ INFO  ] [ c.m.r.s.security.ResourceSecurityMetadataSource : 47 ] - 请求资源->资源:[/house/selectHouseDetailByHouseID]->[[]]
2016-11-07 00:47:30.332 [ http-bio-8080-exec-7 ] - [ INFO  ] [ c.m.r.s.security.MethodSecurityMetadataSource : 52 ] - 获取Method-资源:[com.magic.rent.service.IHouseService.selectByHouseID]->[[]]
2016-11-07 00:47:30.333 [ http-bio-8080-exec-7 ] - [ INFO  ] [ c.m.r.s.security.MethodSecurityMetadataSource : 52 ] - 获取Method-资源:[com.magic.rent.service.IHouseService.selectByHouseID]->[[]]
2016-11-07 00:47:30.341 [ http-bio-8080-exec-5 ] - [ INFO  ] [ c.m.r.s.security.ResourceSecurityMetadataSource : 47 ] - 请求资源->资源:[/rentMode/getRentModes]->[[]]
2016-11-07 00:47:30.342 [ http-bio-8080-exec-5 ] - [ INFO  ] [ c.m.r.s.security.MethodSecurityMetadataSource : 52 ] - 获取Method-资源:[com.magic.rent.service.IRentModeService.selectRentModesByHouseID]->[[]]
2016-11-07 00:47:30.342 [ http-bio-8080-exec-5 ] - [ INFO  ] [ c.m.r.s.security.MethodSecurityMetadataSource : 52 ] - 获取Method-资源:[com.magic.rent.service.IRentModeService.selectRentModesByHouseID]->[[]]
2016-11-07 00:47:30.346 [ http-bio-8080-exec-5 ] - [ INFO  ] [ com.magic.rent.util.JsonResult : 60 ] - JsonResult{status=true, message='null', data=[RentMode{id=1, name='分租'}, RentMode{id=2, name='整租'}]}
2016-11-07 00:47:32.028 [ http-bio-8080-exec-5 ] - [ INFO  ] [ c.m.r.s.security.ResourceSecurityMetadataSource : 47 ] - 请求资源->资源:[/css/icheckflat/blue.css]->[[]]
2016-11-07 00:47:32.124 [ http-bio-8080-exec-8 ] - [ INFO  ] [ c.m.r.s.security.ResourceSecurityMetadataSource : 47 ] - 请求资源->资源:[/user/getUserInfo]->[[]]
2016-11-07 00:47:44.986 [ http-bio-8080-exec-8 ] - [ INFO  ] [ c.m.r.s.security.ResourceSecurityMetadataSource : 47 ] - 请求资源->资源:[/house/selectHouseDetailByHouseID]->[[]]
2016-11-07 00:47:44.989 [ http-bio-8080-exec-8 ] - [ INFO  ] [ c.m.r.s.security.MethodSecurityMetadataSource : 52 ] - 获取Method-资源:[com.magic.rent.service.IHouseService.selectByHouseID]->[[]]
2016-11-07 00:47:44.989 [ http-bio-8080-exec-8 ] - [ INFO  ] [ c.m.r.s.security.MethodSecurityMetadataSource : 52 ] - 获取Method-资源:[com.magic.rent.service.IHouseService.selectByHouseID]->[[]]
2016-11-07 00:47:44.991 [ http-bio-8080-exec-4 ] - [ INFO  ] [ c.m.r.s.security.ResourceSecurityMetadataSource : 47 ] - 请求资源->资源:[/rentMode/getRentModes]->[[]]
2016-11-07 00:47:44.992 [ http-bio-8080-exec-4 ] - [ INFO  ] [ c.m.r.s.security.MethodSecurityMetadataSource : 52 ] - 获取Method-资源:[com.magic.rent.service.IRentModeService.selectRentModesByHouseID]->[[]]
2016-11-07 00:47:44.993 [ http-bio-8080-exec-4 ] - [ INFO  ] [ c.m.r.s.security.MethodSecurityMetadataSource : 52 ] - 获取Method-资源:[com.magic.rent.service.IRentModeService.selectRentModesByHouseID]->[[]]
2016-11-07 00:47:44.996 [ http-bio-8080-exec-4 ] - [ INFO  ] [ com.magic.rent.util.JsonResult : 60 ] - JsonResult{status=true, message='null', data=[RentMode{id=1, name='分租'}, RentMode{id=2, name='整租'}]}
2016-11-07 00:47:46.188 [ http-bio-8080-exec-8 ] - [ INFO  ] [ c.m.r.s.security.ResourceSecurityMetadataSource : 47 ] - 请求资源->资源:[/css/icheckflat/blue.css]->[[]]
2016-11-07 00:47:46.295 [ http-bio-8080-exec-3 ] - [ INFO  ] [ c.m.r.s.security.ResourceSecurityMetadataSource : 47 ] - 请求资源->资源:[/user/getUserInfo]->[[]]
2016-11-07 00:47:52.951 [ http-bio-8080-exec-3 ] - [ INFO  ] [ c.m.r.s.security.ResourceSecurityMetadataSource : 47 ] - 请求资源->资源:[/rentMode/getRentModes]->[[]]
2016-11-07 00:47:52.952 [ http-bio-8080-exec-3 ] - [ INFO  ] [ c.m.r.s.security.MethodSecurityMetadataSource : 52 ] - 获取Method-资源:[com.magic.rent.service.IRentModeService.selectRentModesByHouseID]->[[]]
2016-11-07 00:47:52.953 [ http-bio-8080-exec-3 ] - [ INFO  ] [ c.m.r.s.security.MethodSecurityMetadataSource : 52 ] - 获取Method-资源:[com.magic.rent.service.IRentModeService.selectRentModesByHouseID]->[[]]
2016-11-07 00:47:52.956 [ http-bio-8080-exec-3 ] - [ INFO  ] [ com.magic.rent.util.JsonResult : 60 ] - JsonResult{status=true, message='null', data=[RentMode{id=1, name='分租'}, RentMode{id=2, name='整租'}]}
2016-11-07 00:47:59.220 [ http-bio-8080-exec-3 ] - [ INFO  ] [ c.m.r.s.security.ResourceSecurityMetadataSource : 47 ] - 请求资源->资源:[/house/selectHouseDetailByHouseID]->[[]]
2016-11-07 00:47:59.222 [ http-bio-8080-exec-3 ] - [ INFO  ] [ c.m.r.s.security.MethodSecurityMetadataSource : 52 ] - 获取Method-资源:[com.magic.rent.service.IHouseService.selectByHouseID]->[[]]
2016-11-07 00:47:59.222 [ http-bio-8080-exec-3 ] - [ INFO  ] [ c.m.r.s.security.MethodSecurityMetadataSource : 52 ] - 获取Method-资源:[com.magic.rent.service.IHouseService.selectByHouseID]->[[]]
2016-11-07 00:47:59.239 [ http-bio-8080-exec-3 ] - [ INFO  ] [ c.m.r.s.security.ResourceSecurityMetadataSource : 47 ] - 请求资源->资源:[/css/icheckflat/blue.css]->[[]]
2016-11-07 00:47:59.322 [ http-bio-8080-exec-8 ] - [ INFO  ] [ c.m.r.s.security.ResourceSecurityMetadataSource : 47 ] - 请求资源->资源:[/user/getUserInfo]->[[]]
2016-11-07 00:47:59.326 [ http-bio-8080-exec-8 ] - [ INFO  ] [ c.m.r.s.security.ResourceSecurityMetadataSource : 47 ] - 请求资源->资源:[/rentMode/getRentModes]->[[]]
2016-11-07 00:47:59.327 [ http-bio-8080-exec-8 ] - [ INFO  ] [ c.m.r.s.security.MethodSecurityMetadataSource : 52 ] - 获取Method-资源:[com.magic.rent.service.IRentModeService.selectRentModesByHouseID]->[[]]
2016-11-07 00:47:59.327 [ http-bio-8080-exec-8 ] - [ INFO  ] [ c.m.r.s.security.MethodSecurityMetadataSource : 52 ] - 获取Method-资源:[com.magic.rent.service.IRentModeService.selectRentModesByHouseID]->[[]]
2016-11-07 00:47:59.331 [ http-bio-8080-exec-8 ] - [ INFO  ] [ com.magic.rent.util.JsonResult : 60 ] - JsonResult{status=true, message='null', data=[RentMode{id=1, name='分租'}, RentMode{id=2, name='整租'}]}
2016-11-07 00:48:27.456 [ http-bio-8080-exec-2 ] - [ INFO  ] [ c.m.r.s.security.ResourceSecurityMetadataSource : 47 ] - 请求资源->资源:[/house/selectHouseDetailByHouseID]->[[]]
2016-11-07 00:48:27.459 [ http-bio-8080-exec-2 ] - [ INFO  ] [ c.m.r.s.security.MethodSecurityMetadataSource : 52 ] - 获取Method-资源:[com.magic.rent.service.IHouseService.selectByHouseID]->[[]]
2016-11-07 00:48:27.459 [ http-bio-8080-exec-2 ] - [ INFO  ] [ c.m.r.s.security.MethodSecurityMetadataSource : 52 ] - 获取Method-资源:[com.magic.rent.service.IHouseService.selectByHouseID]->[[]]
2016-11-07 00:48:27.475 [ http-bio-8080-exec-10 ] - [ INFO  ] [ c.m.r.s.security.ResourceSecurityMetadataSource : 47 ] - 请求资源->资源:[/css/icheckflat/blue.css]->[[]]
2016-11-07 00:48:27.565 [ http-bio-8080-exec-1 ] - [ INFO  ] [ c.m.r.s.security.ResourceSecurityMetadataSource : 47 ] - 请求资源->资源:[/user/getUserInfo]->[[]]
2016-11-07 00:48:27.599 [ http-bio-8080-exec-1 ] - [ INFO  ] [ c.m.r.s.security.ResourceSecurityMetadataSource : 47 ] - 请求资源->资源:[/rentMode/getRentModes]->[[]]
2016-11-07 00:48:27.600 [ http-bio-8080-exec-1 ] - [ INFO  ] [ c.m.r.s.security.MethodSecurityMetadataSource : 52 ] - 获取Method-资源:[com.magic.rent.service.IRentModeService.selectRentModesByHouseID]->[[]]
2016-11-07 00:48:27.600 [ http-bio-8080-exec-1 ] - [ INFO  ] [ c.m.r.s.security.MethodSecurityMetadataSource : 52 ] - 获取Method-资源:[com.magic.rent.service.IRentModeService.selectRentModesByHouseID]->[[]]
2016-11-07 00:48:27.603 [ http-bio-8080-exec-1 ] - [ INFO  ] [ com.magic.rent.util.JsonResult : 60 ] - JsonResult{status=true, message='null', data=[RentMode{id=1, name='分租'}, RentMode{id=2, name='整租'}]}
2016-11-07 00:52:11.820 [ http-bio-8080-exec-4 ] - [ INFO  ] [ c.m.r.s.security.ResourceSecurityMetadataSource : 47 ] - 请求资源->资源:[/house/selectHouseDetailByHouseID]->[[]]
2016-11-07 00:52:11.834 [ http-bio-8080-exec-4 ] - [ INFO  ] [ c.m.r.s.security.MethodSecurityMetadataSource : 52 ] - 获取Method-资源:[com.magic.rent.service.IHouseService.selectByHouseID]->[[]]
2016-11-07 00:52:11.836 [ http-bio-8080-exec-4 ] - [ INFO  ] [ c.m.r.s.security.MethodSecurityMetadataSource : 52 ] - 获取Method-资源:[com.magic.rent.service.IHouseService.selectByHouseID]->[[]]
2016-11-07 00:52:11.942 [ http-bio-8080-exec-1 ] - [ INFO  ] [ c.m.r.s.security.ResourceSecurityMetadataSource : 47 ] - 请求资源->资源:[/css/icheckflat/blue.css]->[[]]
2016-11-07 00:52:12.083 [ http-bio-8080-exec-5 ] - [ INFO  ] [ c.m.r.s.security.ResourceSecurityMetadataSource : 47 ] - 请求资源->资源:[/user/getUserInfo]->[[]]
2016-11-07 00:52:12.176 [ http-bio-8080-exec-5 ] - [ INFO  ] [ c.m.r.s.security.ResourceSecurityMetadataSource : 47 ] - 请求资源->资源:[/rentMode/getRentModes]->[[]]
2016-11-07 00:52:12.179 [ http-bio-8080-exec-5 ] - [ INFO  ] [ c.m.r.s.security.MethodSecurityMetadataSource : 52 ] - 获取Method-资源:[com.magic.rent.service.IRentModeService.selectRentModesByHouseID]->[[]]
2016-11-07 00:52:12.181 [ http-bio-8080-exec-5 ] - [ INFO  ] [ c.m.r.s.security.MethodSecurityMetadataSource : 52 ] - 获取Method-资源:[com.magic.rent.service.IRentModeService.selectRentModesByHouseID]->[[]]
2016-11-07 00:52:12.190 [ http-bio-8080-exec-5 ] - [ INFO  ] [ com.magic.rent.util.JsonResult : 60 ] - JsonResult{status=true, message='null', data=[RentMode{id=1, name='分租'}, RentMode{id=2, name='整租'}]}
2016-11-07 00:52:41.281 [ http-bio-8080-exec-1 ] - [ INFO  ] [ c.m.r.s.security.ResourceSecurityMetadataSource : 47 ] - 请求资源->资源:[/house/selectHouseDetailByHouseID]->[[]]
2016-11-07 00:52:41.283 [ http-bio-8080-exec-1 ] - [ INFO  ] [ c.m.r.s.security.MethodSecurityMetadataSource : 52 ] - 获取Method-资源:[com.magic.rent.service.IHouseService.selectByHouseID]->[[]]
2016-11-07 00:52:41.284 [ http-bio-8080-exec-1 ] - [ INFO  ] [ c.m.r.s.security.MethodSecurityMetadataSource : 52 ] - 获取Method-资源:[com.magic.rent.service.IHouseService.selectByHouseID]->[[]]
2016-11-07 00:52:41.318 [ http-bio-8080-exec-1 ] - [ INFO  ] [ c.m.r.s.security.ResourceSecurityMetadataSource : 47 ] - 请求资源->资源:[/css/icheckflat/blue.css]->[[]]
2016-11-07 00:52:41.537 [ http-bio-8080-exec-10 ] - [ INFO  ] [ c.m.r.s.security.ResourceSecurityMetadataSource : 47 ] - 请求资源->资源:[/user/getUserInfo]->[[]]
2016-11-07 00:52:45.816 [ http-bio-8080-exec-10 ] - [ INFO  ] [ c.m.r.s.security.ResourceSecurityMetadataSource : 47 ] - 请求资源->资源:[/rentMode/getRentModes]->[[]]
2016-11-07 00:52:45.818 [ http-bio-8080-exec-10 ] - [ INFO  ] [ c.m.r.s.security.MethodSecurityMetadataSource : 52 ] - 获取Method-资源:[com.magic.rent.service.IRentModeService.selectRentModesByHouseID]->[[]]
2016-11-07 00:52:45.818 [ http-bio-8080-exec-10 ] - [ INFO  ] [ c.m.r.s.security.MethodSecurityMetadataSource : 52 ] - 获取Method-资源:[com.magic.rent.service.IRentModeService.selectRentModesByHouseID]->[[]]
2016-11-07 00:52:45.827 [ http-bio-8080-exec-10 ] - [ INFO  ] [ com.magic.rent.util.JsonResult : 60 ] - JsonResult{status=true, message='null', data=[RentMode{id=1, name='分租'}, RentMode{id=2, name='整租'}]}
2016-11-07 00:56:50.136 [ http-bio-8080-exec-5 ] - [ INFO  ] [ c.m.r.s.security.ResourceSecurityMetadataSource : 47 ] - 请求资源->资源:[/house/selectHouseDetailByHouseID]->[[]]
2016-11-07 00:56:50.149 [ http-bio-8080-exec-5 ] - [ INFO  ] [ c.m.r.s.security.MethodSecurityMetadataSource : 52 ] - 获取Method-资源:[com.magic.rent.service.IHouseService.selectByHouseID]->[[]]
2016-11-07 00:56:50.150 [ http-bio-8080-exec-5 ] - [ INFO  ] [ c.m.r.s.security.MethodSecurityMetadataSource : 52 ] - 获取Method-资源:[com.magic.rent.service.IHouseService.selectByHouseID]->[[]]
2016-11-07 00:56:50.248 [ http-bio-8080-exec-5 ] - [ INFO  ] [ c.m.r.s.security.ResourceSecurityMetadataSource : 47 ] - 请求资源->资源:[/css/icheckflat/blue.css]->[[]]
2016-11-07 00:56:50.423 [ http-bio-8080-exec-6 ] - [ INFO  ] [ c.m.r.s.security.ResourceSecurityMetadataSource : 47 ] - 请求资源->资源:[/user/getUserInfo]->[[]]
2016-11-07 00:56:52.443 [ http-bio-8080-exec-6 ] - [ INFO  ] [ c.m.r.s.security.ResourceSecurityMetadataSource : 47 ] - 请求资源->资源:[/rentMode/getRentModes]->[[]]
2016-11-07 00:56:52.444 [ http-bio-8080-exec-6 ] - [ INFO  ] [ c.m.r.s.security.MethodSecurityMetadataSource : 52 ] - 获取Method-资源:[com.magic.rent.service.IRentModeService.selectRentModesByHouseID]->[[]]
2016-11-07 00:56:52.444 [ http-bio-8080-exec-6 ] - [ INFO  ] [ c.m.r.s.security.MethodSecurityMetadataSource : 52 ] - 获取Method-资源:[com.magic.rent.service.IRentModeService.selectRentModesByHouseID]->[[]]
2016-11-07 00:56:52.449 [ http-bio-8080-exec-6 ] - [ INFO  ] [ com.magic.rent.util.JsonResult : 60 ] - JsonResult{status=true, message='null', data=[RentMode{id=1, name='分租'}, RentMode{id=2, name='整租'}]}
2016-11-07 00:57:35.958 [ http-bio-8080-exec-4 ] - [ INFO  ] [ c.m.r.s.security.ResourceSecurityMetadataSource : 47 ] - 请求资源->资源:[/house/selectHouseDetailByHouseID]->[[]]
2016-11-07 00:57:35.973 [ http-bio-8080-exec-4 ] - [ INFO  ] [ c.m.r.s.security.MethodSecurityMetadataSource : 52 ] - 获取Method-资源:[com.magic.rent.service.IHouseService.selectByHouseID]->[[]]
2016-11-07 00:57:35.975 [ http-bio-8080-exec-4 ] - [ INFO  ] [ c.m.r.s.security.MethodSecurityMetadataSource : 52 ] - 获取Method-资源:[com.magic.rent.service.IHouseService.selectByHouseID]->[[]]
2016-11-07 00:57:36.020 [ http-bio-8080-exec-4 ] - [ INFO  ] [ c.m.r.s.security.ResourceSecurityMetadataSource : 47 ] - 请求资源->资源:[/css/icheckflat/blue.css]->[[]]
2016-11-07 00:57:36.133 [ http-bio-8080-exec-5 ] - [ INFO  ] [ c.m.r.s.security.ResourceSecurityMetadataSource : 47 ] - 请求资源->资源:[/user/getUserInfo]->[[]]
2016-11-07 00:57:38.074 [ http-bio-8080-exec-5 ] - [ INFO  ] [ c.m.r.s.security.ResourceSecurityMetadataSource : 47 ] - 请求资源->资源:[/rentMode/getRentModes]->[[]]
2016-11-07 00:57:38.076 [ http-bio-8080-exec-5 ] - [ INFO  ] [ c.m.r.s.security.MethodSecurityMetadataSource : 52 ] - 获取Method-资源:[com.magic.rent.service.IRentModeService.selectRentModesByHouseID]->[[]]
2016-11-07 00:57:38.078 [ http-bio-8080-exec-5 ] - [ INFO  ] [ c.m.r.s.security.MethodSecurityMetadataSource : 52 ] - 获取Method-资源:[com.magic.rent.service.IRentModeService.selectRentModesByHouseID]->[[]]
2016-11-07 00:57:38.090 [ http-bio-8080-exec-5 ] - [ INFO  ] [ com.magic.rent.util.JsonResult : 60 ] - JsonResult{status=true, message='null', data=[RentMode{id=1, name='分租'}, RentMode{id=2, name='整租'}]}
2016-11-07 01:06:17.792 [ http-bio-8080-exec-8 ] - [ INFO  ] [ c.m.r.s.security.ResourceSecurityMetadataSource : 47 ] - 请求资源->资源:[/house/selectHouseDetailByHouseID]->[[]]
2016-11-07 01:06:17.802 [ http-bio-8080-exec-8 ] - [ INFO  ] [ c.m.r.s.security.MethodSecurityMetadataSource : 52 ] - 获取Method-资源:[com.magic.rent.service.IHouseService.selectByHouseID]->[[]]
2016-11-07 01:06:17.803 [ http-bio-8080-exec-8 ] - [ INFO  ] [ c.m.r.s.security.MethodSecurityMetadataSource : 52 ] - 获取Method-资源:[com.magic.rent.service.IHouseService.selectByHouseID]->[[]]
2016-11-07 01:06:17.858 [ http-bio-8080-exec-8 ] - [ INFO  ] [ c.m.r.s.security.ResourceSecurityMetadataSource : 47 ] - 请求资源->资源:[/css/icheckflat/blue.css]->[[]]
2016-11-07 01:06:17.935 [ http-bio-8080-exec-8 ] - [ INFO  ] [ c.m.r.s.security.ResourceSecurityMetadataSource : 47 ] - 请求资源->资源:[/user/getUserInfo]->[[]]
2016-11-07 01:06:17.941 [ http-bio-8080-exec-3 ] - [ INFO  ] [ c.m.r.s.security.ResourceSecurityMetadataSource : 47 ] - 请求资源->资源:[/rentMode/getRentModes]->[[]]
2016-11-07 01:06:17.942 [ http-bio-8080-exec-3 ] - [ INFO  ] [ c.m.r.s.security.MethodSecurityMetadataSource : 52 ] - 获取Method-资源:[com.magic.rent.service.IRentModeService.selectRentModesByHouseID]->[[]]
2016-11-07 01:06:17.942 [ http-bio-8080-exec-3 ] - [ INFO  ] [ c.m.r.s.security.MethodSecurityMetadataSource : 52 ] - 获取Method-资源:[com.magic.rent.service.IRentModeService.selectRentModesByHouseID]->[[]]
2016-11-07 01:06:17.949 [ http-bio-8080-exec-3 ] - [ INFO  ] [ com.magic.rent.util.JsonResult : 60 ] - JsonResult{status=true, message='null', data=[RentMode{id=1, name='分租'}, RentMode{id=2, name='整租'}]}
2016-11-07 01:07:29.572 [ http-bio-8080-exec-4 ] - [ INFO  ] [ c.m.r.s.security.ResourceSecurityMetadataSource : 47 ] - 请求资源->资源:[/house/selectHouseDetailByHouseID]->[[]]
2016-11-07 01:07:29.595 [ http-bio-8080-exec-4 ] - [ INFO  ] [ c.m.r.s.security.MethodSecurityMetadataSource : 52 ] - 获取Method-资源:[com.magic.rent.service.IHouseService.selectByHouseID]->[[]]
2016-11-07 01:07:29.597 [ http-bio-8080-exec-4 ] - [ INFO  ] [ c.m.r.s.security.MethodSecurityMetadataSource : 52 ] - 获取Method-资源:[com.magic.rent.service.IHouseService.selectByHouseID]->[[]]
2016-11-07 01:07:29.651 [ http-bio-8080-exec-4 ] - [ INFO  ] [ c.m.r.s.security.ResourceSecurityMetadataSource : 47 ] - 请求资源->资源:[/css/icheckflat/blue.css]->[[]]
2016-11-07 01:07:29.765 [ http-bio-8080-exec-9 ] - [ INFO  ] [ c.m.r.s.security.ResourceSecurityMetadataSource : 47 ] - 请求资源->资源:[/user/getUserInfo]->[[]]
2016-11-07 01:07:29.770 [ http-bio-8080-exec-4 ] - [ INFO  ] [ c.m.r.s.security.ResourceSecurityMetadataSource : 47 ] - 请求资源->资源:[/rentMode/getRentModes]->[[]]
2016-11-07 01:07:29.772 [ http-bio-8080-exec-4 ] - [ INFO  ] [ c.m.r.s.security.MethodSecurityMetadataSource : 52 ] - 获取Method-资源:[com.magic.rent.service.IRentModeService.selectRentModesByHouseID]->[[]]
2016-11-07 01:07:29.772 [ http-bio-8080-exec-4 ] - [ INFO  ] [ c.m.r.s.security.MethodSecurityMetadataSource : 52 ] - 获取Method-资源:[com.magic.rent.service.IRentModeService.selectRentModesByHouseID]->[[]]
2016-11-07 01:07:29.785 [ http-bio-8080-exec-4 ] - [ INFO  ] [ com.magic.rent.util.JsonResult : 60 ] - JsonResult{status=true, message='null', data=[RentMode{id=1, name='分租'}, RentMode{id=2, name='整租'}]}
2016-11-07 01:07:57.738 [ http-bio-8080-exec-6 ] - [ INFO  ] [ c.m.r.s.security.ResourceSecurityMetadataSource : 47 ] - 请求资源->资源:[/house/selectHouseDetailByHouseID]->[[]]
2016-11-07 01:07:57.741 [ http-bio-8080-exec-6 ] - [ INFO  ] [ c.m.r.s.security.MethodSecurityMetadataSource : 52 ] - 获取Method-资源:[com.magic.rent.service.IHouseService.selectByHouseID]->[[]]
2016-11-07 01:07:57.741 [ http-bio-8080-exec-6 ] - [ INFO  ] [ c.m.r.s.security.MethodSecurityMetadataSource : 52 ] - 获取Method-资源:[com.magic.rent.service.IHouseService.selectByHouseID]->[[]]
2016-11-07 01:07:57.762 [ http-bio-8080-exec-6 ] - [ INFO  ] [ c.m.r.s.security.ResourceSecurityMetadataSource : 47 ] - 请求资源->资源:[/css/icheckflat/blue.css]->[[]]
2016-11-07 01:07:57.873 [ http-bio-8080-exec-6 ] - [ INFO  ] [ c.m.r.s.security.ResourceSecurityMetadataSource : 47 ] - 请求资源->资源:[/user/getUserInfo]->[[]]
2016-11-07 01:07:57.878 [ http-bio-8080-exec-6 ] - [ INFO  ] [ c.m.r.s.security.ResourceSecurityMetadataSource : 47 ] - 请求资源->资源:[/rentMode/getRentModes]->[[]]
2016-11-07 01:07:57.879 [ http-bio-8080-exec-6 ] - [ INFO  ] [ c.m.r.s.security.MethodSecurityMetadataSource : 52 ] - 获取Method-资源:[com.magic.rent.service.IRentModeService.selectRentModesByHouseID]->[[]]
2016-11-07 01:07:57.879 [ http-bio-8080-exec-6 ] - [ INFO  ] [ c.m.r.s.security.MethodSecurityMetadataSource : 52 ] - 获取Method-资源:[com.magic.rent.service.IRentModeService.selectRentModesByHouseID]->[[]]
2016-11-07 01:07:57.886 [ http-bio-8080-exec-6 ] - [ INFO  ] [ com.magic.rent.util.JsonResult : 60 ] - JsonResult{status=true, message='null', data=[RentMode{id=1, name='分租'}, RentMode{id=2, name='整租'}]}
2016-11-07 01:08:18.805 [ http-bio-8080-exec-7 ] - [ INFO  ] [ c.m.r.s.security.ResourceSecurityMetadataSource : 47 ] - 请求资源->资源:[/house/selectHouseDetailByHouseID]->[[]]
2016-11-07 01:08:18.806 [ http-bio-8080-exec-7 ] - [ INFO  ] [ c.m.r.s.security.MethodSecurityMetadataSource : 52 ] - 获取Method-资源:[com.magic.rent.service.IHouseService.selectByHouseID]->[[]]
2016-11-07 01:08:18.806 [ http-bio-8080-exec-7 ] - [ INFO  ] [ c.m.r.s.security.MethodSecurityMetadataSource : 52 ] - 获取Method-资源:[com.magic.rent.service.IHouseService.selectByHouseID]->[[]]
2016-11-07 01:08:18.839 [ http-bio-8080-exec-7 ] - [ INFO  ] [ c.m.r.s.security.ResourceSecurityMetadataSource : 47 ] - 请求资源->资源:[/css/icheckflat/blue.css]->[[]]
2016-11-07 01:08:18.960 [ http-bio-8080-exec-7 ] - [ INFO  ] [ c.m.r.s.security.ResourceSecurityMetadataSource : 47 ] - 请求资源->资源:[/user/getUserInfo]->[[]]
2016-11-07 01:08:18.965 [ http-bio-8080-exec-9 ] - [ INFO  ] [ c.m.r.s.security.ResourceSecurityMetadataSource : 47 ] - 请求资源->资源:[/rentMode/getRentModes]->[[]]
2016-11-07 01:08:18.966 [ http-bio-8080-exec-9 ] - [ INFO  ] [ c.m.r.s.security.MethodSecurityMetadataSource : 52 ] - 获取Method-资源:[com.magic.rent.service.IRentModeService.selectRentModesByHouseID]->[[]]
2016-11-07 01:08:18.967 [ http-bio-8080-exec-9 ] - [ INFO  ] [ c.m.r.s.security.MethodSecurityMetadataSource : 52 ] - 获取Method-资源:[com.magic.rent.service.IRentModeService.selectRentModesByHouseID]->[[]]
2016-11-07 01:08:18.975 [ http-bio-8080-exec-9 ] - [ INFO  ] [ com.magic.rent.util.JsonResult : 60 ] - JsonResult{status=true, message='null', data=[RentMode{id=1, name='分租'}, RentMode{id=2, name='整租'}]}
2016-11-07 01:10:25.579 [ http-bio-8080-exec-10 ] - [ INFO  ] [ c.m.r.s.security.ResourceSecurityMetadataSource : 47 ] - 请求资源->资源:[/house/selectHouseDetailByHouseID]->[[]]
2016-11-07 01:10:25.594 [ http-bio-8080-exec-10 ] - [ INFO  ] [ c.m.r.s.security.MethodSecurityMetadataSource : 52 ] - 获取Method-资源:[com.magic.rent.service.IHouseService.selectByHouseID]->[[]]
2016-11-07 01:10:25.597 [ http-bio-8080-exec-10 ] - [ INFO  ] [ c.m.r.s.security.MethodSecurityMetadataSource : 52 ] - 获取Method-资源:[com.magic.rent.service.IHouseService.selectByHouseID]->[[]]
2016-11-07 01:10:25.679 [ http-bio-8080-exec-10 ] - [ INFO  ] [ c.m.r.s.security.ResourceSecurityMetadataSource : 47 ] - 请求资源->资源:[/css/icheckflat/blue.css]->[[]]
2016-11-07 01:10:25.751 [ http-bio-8080-exec-10 ] - [ INFO  ] [ c.m.r.s.security.ResourceSecurityMetadataSource : 47 ] - 请求资源->资源:[/user/getUserInfo]->[[]]
2016-11-07 01:10:25.756 [ http-bio-8080-exec-8 ] - [ INFO  ] [ c.m.r.s.security.ResourceSecurityMetadataSource : 47 ] - 请求资源->资源:[/rentMode/getRentModes]->[[]]
2016-11-07 01:10:25.759 [ http-bio-8080-exec-8 ] - [ INFO  ] [ c.m.r.s.security.MethodSecurityMetadataSource : 52 ] - 获取Method-资源:[com.magic.rent.service.IRentModeService.selectRentModesByHouseID]->[[]]
2016-11-07 01:10:25.760 [ http-bio-8080-exec-8 ] - [ INFO  ] [ c.m.r.s.security.MethodSecurityMetadataSource : 52 ] - 获取Method-资源:[com.magic.rent.service.IRentModeService.selectRentModesByHouseID]->[[]]
2016-11-07 01:10:25.765 [ http-bio-8080-exec-8 ] - [ INFO  ] [ com.magic.rent.util.JsonResult : 60 ] - JsonResult{status=true, message='null', data=[RentMode{id=1, name='分租'}, RentMode{id=2, name='整租'}]}
2016-11-07 01:10:27.370 [ http-bio-8080-exec-8 ] - [ INFO  ] [ c.m.r.s.security.ResourceSecurityMetadataSource : 47 ] - 请求资源->资源:[/rooms/getRooms]->[[]]
2016-11-07 01:10:27.373 [ http-bio-8080-exec-8 ] - [ INFO  ] [ c.m.r.s.security.MethodSecurityMetadataSource : 52 ] - 获取Method-资源:[com.magic.rent.service.IRoomsService.selectRoomsByHouseID]->[[]]
2016-11-07 01:10:27.373 [ http-bio-8080-exec-8 ] - [ INFO  ] [ c.m.r.s.security.MethodSecurityMetadataSource : 52 ] - 获取Method-资源:[com.magic.rent.service.IRoomsService.selectRoomsByHouseID]->[[]]
2016-11-07 01:10:27.389 [ http-bio-8080-exec-8 ] - [ INFO  ] [ com.magic.rent.util.JsonResult : 60 ] - JsonResult{status=true, message='null', data=[Rooms{id=1, roomNo=101, areaNumber=30.0, haveWashroom=true, haveKitcken=true, houseId=0, expectRent=2000.0, houseStatusId=0, houseStatus=HouseStatus{id=1, statusName='待租状态'}}, Rooms{id=2, roomNo=102, areaNumber=25.0, haveWashroom=false, haveKitcken=true, houseId=0, expectRent=1500.0, houseStatusId=0, houseStatus=HouseStatus{id=2, statusName='出租状态'}}, Rooms{id=3, roomNo=103, areaNumber=20.0, haveWashroom=false, haveKitcken=false, houseId=0, expectRent=1200.0, houseStatusId=0, houseStatus=HouseStatus{id=3, statusName='待租状态'}}, Rooms{id=4, roomNo=104, areaNumber=11.0, haveWashroom=true, haveKitcken=false, houseId=0, expectRent=800.0, houseStatusId=0, houseStatus=HouseStatus{id=4, statusName='出租状态'}}]}
2016-11-07 01:10:27.425 [ http-bio-8080-exec-8 ] - [ INFO  ] [ c.m.r.s.security.ResourceSecurityMetadataSource : 47 ] - 请求资源->资源:[/css/icheckflat/blue.png]->[[]]
2016-11-07 01:10:41.044 [ http-bio-8080-exec-8 ] - [ INFO  ] [ c.m.r.s.security.ResourceSecurityMetadataSource : 47 ] - 请求资源->资源:[/house/selectHouseDetailByHouseID]->[[]]
2016-11-07 01:10:41.046 [ http-bio-8080-exec-8 ] - [ INFO  ] [ c.m.r.s.security.MethodSecurityMetadataSource : 52 ] - 获取Method-资源:[com.magic.rent.service.IHouseService.selectByHouseID]->[[]]
2016-11-07 01:10:41.046 [ http-bio-8080-exec-8 ] - [ INFO  ] [ c.m.r.s.security.MethodSecurityMetadataSource : 52 ] - 获取Method-资源:[com.magic.rent.service.IHouseService.selectByHouseID]->[[]]
2016-11-07 01:10:41.062 [ http-bio-8080-exec-8 ] - [ INFO  ] [ c.m.r.s.security.ResourceSecurityMetadataSource : 47 ] - 请求资源->资源:[/css/icheckflat/blue.css]->[[]]
2016-11-07 01:10:41.088 [ http-bio-8080-exec-8 ] - [ INFO  ] [ c.m.r.s.security.ResourceSecurityMetadataSource : 47 ] - 请求资源->资源:[/user/getUserInfo]->[[]]
2016-11-07 01:10:41.118 [ http-bio-8080-exec-8 ] - [ INFO  ] [ c.m.r.s.security.ResourceSecurityMetadataSource : 47 ] - 请求资源->资源:[/rentMode/getRentModes]->[[]]
2016-11-07 01:10:41.119 [ http-bio-8080-exec-8 ] - [ INFO  ] [ c.m.r.s.security.MethodSecurityMetadataSource : 52 ] - 获取Method-资源:[com.magic.rent.service.IRentModeService.selectRentModesByHouseID]->[[]]
2016-11-07 01:10:41.119 [ http-bio-8080-exec-8 ] - [ INFO  ] [ c.m.r.s.security.MethodSecurityMetadataSource : 52 ] - 获取Method-资源:[com.magic.rent.service.IRentModeService.selectRentModesByHouseID]->[[]]
2016-11-07 01:10:41.128 [ http-bio-8080-exec-8 ] - [ INFO  ] [ com.magic.rent.util.JsonResult : 60 ] - JsonResult{status=true, message='null', data=[RentMode{id=1, name='分租'}, RentMode{id=2, name='整租'}]}
2016-11-07 01:10:41.377 [ http-bio-8080-exec-8 ] - [ INFO  ] [ c.m.r.s.security.ResourceSecurityMetadataSource : 47 ] - 请求资源->资源:[/rooms/getRooms]->[[]]
2016-11-07 01:10:41.377 [ http-bio-8080-exec-8 ] - [ INFO  ] [ c.m.r.s.security.MethodSecurityMetadataSource : 52 ] - 获取Method-资源:[com.magic.rent.service.IRoomsService.selectRoomsByHouseID]->[[]]
2016-11-07 01:10:41.378 [ http-bio-8080-exec-8 ] - [ INFO  ] [ c.m.r.s.security.MethodSecurityMetadataSource : 52 ] - 获取Method-资源:[com.magic.rent.service.IRoomsService.selectRoomsByHouseID]->[[]]
2016-11-07 01:10:41.380 [ http-bio-8080-exec-8 ] - [ INFO  ] [ com.magic.rent.util.JsonResult : 60 ] - JsonResult{status=true, message='null', data=[Rooms{id=1, roomNo=101, areaNumber=30.0, haveWashroom=true, haveKitcken=true, houseId=0, expectRent=2000.0, houseStatusId=0, houseStatus=HouseStatus{id=1, statusName='待租状态'}}, Rooms{id=2, roomNo=102, areaNumber=25.0, haveWashroom=false, haveKitcken=true, houseId=0, expectRent=1500.0, houseStatusId=0, houseStatus=HouseStatus{id=2, statusName='出租状态'}}, Rooms{id=3, roomNo=103, areaNumber=20.0, haveWashroom=false, haveKitcken=false, houseId=0, expectRent=1200.0, houseStatusId=0, houseStatus=HouseStatus{id=3, statusName='待租状态'}}, Rooms{id=4, roomNo=104, areaNumber=11.0, haveWashroom=true, haveKitcken=false, houseId=0, expectRent=800.0, houseStatusId=0, houseStatus=HouseStatus{id=4, statusName='出租状态'}}]}
2016-11-07 01:10:41.408 [ http-bio-8080-exec-8 ] - [ INFO  ] [ c.m.r.s.security.ResourceSecurityMetadataSource : 47 ] - 请求资源->资源:[/css/icheckflat/blue.png]->[[]]
2016-11-07 01:10:49.607 [ http-bio-8080-exec-8 ] - [ INFO  ] [ c.m.r.s.security.ResourceSecurityMetadataSource : 47 ] - 请求资源->资源:[/house/selectHouseDetailByHouseID]->[[]]
2016-11-07 01:10:49.611 [ http-bio-8080-exec-8 ] - [ INFO  ] [ c.m.r.s.security.MethodSecurityMetadataSource : 52 ] - 获取Method-资源:[com.magic.rent.service.IHouseService.selectByHouseID]->[[]]
2016-11-07 01:10:49.612 [ http-bio-8080-exec-8 ] - [ INFO  ] [ c.m.r.s.security.MethodSecurityMetadataSource : 52 ] - 获取Method-资源:[com.magic.rent.service.IHouseService.selectByHouseID]->[[]]
2016-11-07 01:10:49.628 [ http-bio-8080-exec-8 ] - [ INFO  ] [ c.m.r.s.security.ResourceSecurityMetadataSource : 47 ] - 请求资源->资源:[/css/icheckflat/blue.css]->[[]]
2016-11-07 01:10:49.669 [ http-bio-8080-exec-8 ] - [ INFO  ] [ c.m.r.s.security.ResourceSecurityMetadataSource : 47 ] - 请求资源->资源:[/user/getUserInfo]->[[]]
2016-11-07 01:10:49.691 [ http-bio-8080-exec-8 ] - [ INFO  ] [ c.m.r.s.security.ResourceSecurityMetadataSource : 47 ] - 请求资源->资源:[/rentMode/getRentModes]->[[]]
2016-11-07 01:10:49.693 [ http-bio-8080-exec-8 ] - [ INFO  ] [ c.m.r.s.security.MethodSecurityMetadataSource : 52 ] - 获取Method-资源:[com.magic.rent.service.IRentModeService.selectRentModesByHouseID]->[[]]
2016-11-07 01:10:49.694 [ http-bio-8080-exec-8 ] - [ INFO  ] [ c.m.r.s.security.MethodSecurityMetadataSource : 52 ] - 获取Method-资源:[com.magic.rent.service.IRentModeService.selectRentModesByHouseID]->[[]]
2016-11-07 01:10:49.702 [ http-bio-8080-exec-8 ] - [ INFO  ] [ com.magic.rent.util.JsonResult : 60 ] - JsonResult{status=true, message='null', data=[RentMode{id=1, name='分租'}, RentMode{id=2, name='整租'}]}
2016-11-07 01:11:04.594 [ http-bio-8080-exec-8 ] - [ INFO  ] [ c.m.r.s.security.ResourceSecurityMetadataSource : 47 ] - 请求资源->资源:[/house/selectHouseDetailByHouseID]->[[]]
2016-11-07 01:11:04.596 [ http-bio-8080-exec-8 ] - [ INFO  ] [ c.m.r.s.security.MethodSecurityMetadataSource : 52 ] - 获取Method-资源:[com.magic.rent.service.IHouseService.selectByHouseID]->[[]]
2016-11-07 01:11:04.596 [ http-bio-8080-exec-8 ] - [ INFO  ] [ c.m.r.s.security.MethodSecurityMetadataSource : 52 ] - 获取Method-资源:[com.magic.rent.service.IHouseService.selectByHouseID]->[[]]
2016-11-07 01:11:04.610 [ http-bio-8080-exec-8 ] - [ INFO  ] [ c.m.r.s.security.ResourceSecurityMetadataSource : 47 ] - 请求资源->资源:[/css/icheckflat/blue.css]->[[]]
2016-11-07 01:11:04.645 [ http-bio-8080-exec-1 ] - [ INFO  ] [ c.m.r.s.security.ResourceSecurityMetadataSource : 47 ] - 请求资源->资源:[/user/getUserInfo]->[[]]
2016-11-07 01:11:04.648 [ http-bio-8080-exec-8 ] - [ INFO  ] [ c.m.r.s.security.ResourceSecurityMetadataSource : 47 ] - 请求资源->资源:[/rentMode/getRentModes]->[[]]
2016-11-07 01:11:04.649 [ http-bio-8080-exec-8 ] - [ INFO  ] [ c.m.r.s.security.MethodSecurityMetadataSource : 52 ] - 获取Method-资源:[com.magic.rent.service.IRentModeService.selectRentModesByHouseID]->[[]]
2016-11-07 01:11:04.651 [ http-bio-8080-exec-8 ] - [ INFO  ] [ c.m.r.s.security.MethodSecurityMetadataSource : 52 ] - 获取Method-资源:[com.magic.rent.service.IRentModeService.selectRentModesByHouseID]->[[]]
2016-11-07 01:11:04.657 [ http-bio-8080-exec-8 ] - [ INFO  ] [ com.magic.rent.util.JsonResult : 60 ] - JsonResult{status=true, message='null', data=[RentMode{id=1, name='分租'}, RentMode{id=2, name='整租'}]}
2016-11-07 01:11:41.706 [ http-bio-8080-exec-3 ] - [ INFO  ] [ c.m.r.s.security.ResourceSecurityMetadataSource : 47 ] - 请求资源->资源:[/house/selectHouseDetailByHouseID]->[[]]
2016-11-07 01:11:41.708 [ http-bio-8080-exec-3 ] - [ INFO  ] [ c.m.r.s.security.MethodSecurityMetadataSource : 52 ] - 获取Method-资源:[com.magic.rent.service.IHouseService.selectByHouseID]->[[]]
2016-11-07 01:11:41.708 [ http-bio-8080-exec-3 ] - [ INFO  ] [ c.m.r.s.security.MethodSecurityMetadataSource : 52 ] - 获取Method-资源:[com.magic.rent.service.IHouseService.selectByHouseID]->[[]]
2016-11-07 01:11:41.727 [ http-bio-8080-exec-3 ] - [ INFO  ] [ c.m.r.s.security.ResourceSecurityMetadataSource : 47 ] - 请求资源->资源:[/css/icheckflat/blue.css]->[[]]
2016-11-07 01:11:41.829 [ http-bio-8080-exec-3 ] - [ INFO  ] [ c.m.r.s.security.ResourceSecurityMetadataSource : 47 ] - 请求资源->资源:[/user/getUserInfo]->[[]]
2016-11-07 01:11:41.835 [ http-bio-8080-exec-3 ] - [ INFO  ] [ c.m.r.s.security.ResourceSecurityMetadataSource : 47 ] - 请求资源->资源:[/rentMode/getRentModes]->[[]]
2016-11-07 01:11:41.836 [ http-bio-8080-exec-3 ] - [ INFO  ] [ c.m.r.s.security.MethodSecurityMetadataSource : 52 ] - 获取Method-资源:[com.magic.rent.service.IRentModeService.selectRentModesByHouseID]->[[]]
2016-11-07 01:11:41.837 [ http-bio-8080-exec-3 ] - [ INFO  ] [ c.m.r.s.security.MethodSecurityMetadataSource : 52 ] - 获取Method-资源:[com.magic.rent.service.IRentModeService.selectRentModesByHouseID]->[[]]
2016-11-07 01:11:41.849 [ http-bio-8080-exec-3 ] - [ INFO  ] [ com.magic.rent.util.JsonResult : 60 ] - JsonResult{status=true, message='null', data=[RentMode{id=1, name='分租'}, RentMode{id=2, name='整租'}]}
2016-11-07 01:11:53.987 [ http-bio-8080-exec-3 ] - [ INFO  ] [ c.m.r.s.security.ResourceSecurityMetadataSource : 47 ] - 请求资源->资源:[/house/selectHouseDetailByHouseID]->[[]]
2016-11-07 01:11:53.988 [ http-bio-8080-exec-3 ] - [ INFO  ] [ c.m.r.s.security.MethodSecurityMetadataSource : 52 ] - 获取Method-资源:[com.magic.rent.service.IHouseService.selectByHouseID]->[[]]
2016-11-07 01:11:53.988 [ http-bio-8080-exec-3 ] - [ INFO  ] [ c.m.r.s.security.MethodSecurityMetadataSource : 52 ] - 获取Method-资源:[com.magic.rent.service.IHouseService.selectByHouseID]->[[]]
2016-11-07 01:11:54.004 [ http-bio-8080-exec-3 ] - [ INFO  ] [ c.m.r.s.security.ResourceSecurityMetadataSource : 47 ] - 请求资源->资源:[/css/icheckflat/blue.css]->[[]]
2016-11-07 01:11:54.066 [ http-bio-8080-exec-3 ] - [ INFO  ] [ c.m.r.s.security.ResourceSecurityMetadataSource : 47 ] - 请求资源->资源:[/user/getUserInfo]->[[]]
2016-11-07 01:11:54.070 [ http-bio-8080-exec-3 ] - [ INFO  ] [ c.m.r.s.security.ResourceSecurityMetadataSource : 47 ] - 请求资源->资源:[/rentMode/getRentModes]->[[]]
2016-11-07 01:11:54.071 [ http-bio-8080-exec-3 ] - [ INFO  ] [ c.m.r.s.security.MethodSecurityMetadataSource : 52 ] - 获取Method-资源:[com.magic.rent.service.IRentModeService.selectRentModesByHouseID]->[[]]
2016-11-07 01:11:54.071 [ http-bio-8080-exec-3 ] - [ INFO  ] [ c.m.r.s.security.MethodSecurityMetadataSource : 52 ] - 获取Method-资源:[com.magic.rent.service.IRentModeService.selectRentModesByHouseID]->[[]]
2016-11-07 01:11:54.074 [ http-bio-8080-exec-3 ] - [ INFO  ] [ com.magic.rent.util.JsonResult : 60 ] - JsonResult{status=true, message='null', data=[RentMode{id=1, name='分租'}, RentMode{id=2, name='整租'}]}
2016-11-07 01:13:36.180 [ http-bio-8080-exec-9 ] - [ INFO  ] [ c.m.r.s.security.ResourceSecurityMetadataSource : 47 ] - 请求资源->资源:[/house/selectHouseDetailByHouseID]->[[]]
2016-11-07 01:13:36.191 [ http-bio-8080-exec-9 ] - [ INFO  ] [ c.m.r.s.security.MethodSecurityMetadataSource : 52 ] - 获取Method-资源:[com.magic.rent.service.IHouseService.selectByHouseID]->[[]]
2016-11-07 01:13:36.194 [ http-bio-8080-exec-9 ] - [ INFO  ] [ c.m.r.s.security.MethodSecurityMetadataSource : 52 ] - 获取Method-资源:[com.magic.rent.service.IHouseService.selectByHouseID]->[[]]
2016-11-07 01:13:36.296 [ http-bio-8080-exec-9 ] - [ INFO  ] [ c.m.r.s.security.ResourceSecurityMetadataSource : 47 ] - 请求资源->资源:[/css/icheckflat/blue.css]->[[]]
2016-11-07 01:13:36.377 [ http-bio-8080-exec-6 ] - [ INFO  ] [ c.m.r.s.security.ResourceSecurityMetadataSource : 47 ] - 请求资源->资源:[/user/getUserInfo]->[[]]
2016-11-07 01:13:36.381 [ http-bio-8080-exec-9 ] - [ INFO  ] [ c.m.r.s.security.ResourceSecurityMetadataSource : 47 ] - 请求资源->资源:[/rentMode/getRentModes]->[[]]
2016-11-07 01:13:36.382 [ http-bio-8080-exec-9 ] - [ INFO  ] [ c.m.r.s.security.MethodSecurityMetadataSource : 52 ] - 获取Method-资源:[com.magic.rent.service.IRentModeService.selectRentModesByHouseID]->[[]]
2016-11-07 01:13:36.382 [ http-bio-8080-exec-9 ] - [ INFO  ] [ c.m.r.s.security.MethodSecurityMetadataSource : 52 ] - 获取Method-资源:[com.magic.rent.service.IRentModeService.selectRentModesByHouseID]->[[]]
2016-11-07 01:13:36.391 [ http-bio-8080-exec-9 ] - [ INFO  ] [ com.magic.rent.util.JsonResult : 60 ] - JsonResult{status=true, message='null', data=[RentMode{id=1, name='分租'}, RentMode{id=2, name='整租'}]}
2016-11-07 01:13:41.712 [ http-bio-8080-exec-9 ] - [ INFO  ] [ c.m.r.s.security.ResourceSecurityMetadataSource : 47 ] - 请求资源->资源:[/css/icheckflat/blue.css]->[[]]
2016-11-07 01:13:46.973 [ http-bio-8080-exec-9 ] - [ INFO  ] [ c.m.r.s.security.ResourceSecurityMetadataSource : 47 ] - 请求资源->资源:[/house/selectHouseDetailByHouseID]->[[]]
2016-11-07 01:13:46.976 [ http-bio-8080-exec-9 ] - [ INFO  ] [ c.m.r.s.security.MethodSecurityMetadataSource : 52 ] - 获取Method-资源:[com.magic.rent.service.IHouseService.selectByHouseID]->[[]]
2016-11-07 01:13:46.977 [ http-bio-8080-exec-9 ] - [ INFO  ] [ c.m.r.s.security.MethodSecurityMetadataSource : 52 ] - 获取Method-资源:[com.magic.rent.service.IHouseService.selectByHouseID]->[[]]
2016-11-07 01:13:46.996 [ http-bio-8080-exec-3 ] - [ INFO  ] [ c.m.r.s.security.ResourceSecurityMetadataSource : 47 ] - 请求资源->资源:[/css/icheckflat/blue.css]->[[]]
2016-11-07 01:13:47.082 [ http-bio-8080-exec-9 ] - [ INFO  ] [ c.m.r.s.security.ResourceSecurityMetadataSource : 47 ] - 请求资源->资源:[/user/getUserInfo]->[[]]
2016-11-07 01:13:47.085 [ http-bio-8080-exec-6 ] - [ INFO  ] [ c.m.r.s.security.ResourceSecurityMetadataSource : 47 ] - 请求资源->资源:[/rentMode/getRentModes]->[[]]
2016-11-07 01:13:47.087 [ http-bio-8080-exec-6 ] - [ INFO  ] [ c.m.r.s.security.MethodSecurityMetadataSource : 52 ] - 获取Method-资源:[com.magic.rent.service.IRentModeService.selectRentModesByHouseID]->[[]]
2016-11-07 01:13:47.088 [ http-bio-8080-exec-6 ] - [ INFO  ] [ c.m.r.s.security.MethodSecurityMetadataSource : 52 ] - 获取Method-资源:[com.magic.rent.service.IRentModeService.selectRentModesByHouseID]->[[]]
2016-11-07 01:13:47.092 [ http-bio-8080-exec-6 ] - [ INFO  ] [ com.magic.rent.util.JsonResult : 60 ] - JsonResult{status=true, message='null', data=[RentMode{id=1, name='分租'}, RentMode{id=2, name='整租'}]}
2016-11-07 01:14:21.838 [ http-bio-8080-exec-2 ] - [ INFO  ] [ c.m.r.s.security.ResourceSecurityMetadataSource : 47 ] - 请求资源->资源:[/house/selectHouseDetailByHouseID]->[[]]
2016-11-07 01:14:21.851 [ http-bio-8080-exec-2 ] - [ INFO  ] [ c.m.r.s.security.MethodSecurityMetadataSource : 52 ] - 获取Method-资源:[com.magic.rent.service.IHouseService.selectByHouseID]->[[]]
2016-11-07 01:14:21.852 [ http-bio-8080-exec-2 ] - [ INFO  ] [ c.m.r.s.security.MethodSecurityMetadataSource : 52 ] - 获取Method-资源:[com.magic.rent.service.IHouseService.selectByHouseID]->[[]]
2016-11-07 01:14:21.953 [ http-bio-8080-exec-5 ] - [ INFO  ] [ c.m.r.s.security.ResourceSecurityMetadataSource : 47 ] - 请求资源->资源:[/css/icheckflat/blue.css]->[[]]
2016-11-07 01:14:22.182 [ http-bio-8080-exec-1 ] - [ INFO  ] [ c.m.r.s.security.ResourceSecurityMetadataSource : 47 ] - 请求资源->资源:[/user/getUserInfo]->[[]]
2016-11-07 01:14:22.189 [ http-bio-8080-exec-8 ] - [ INFO  ] [ c.m.r.s.security.ResourceSecurityMetadataSource : 47 ] - 请求资源->资源:[/rentMode/getRentModes]->[[]]
2016-11-07 01:14:22.190 [ http-bio-8080-exec-8 ] - [ INFO  ] [ c.m.r.s.security.MethodSecurityMetadataSource : 52 ] - 获取Method-资源:[com.magic.rent.service.IRentModeService.selectRentModesByHouseID]->[[]]
2016-11-07 01:14:22.191 [ http-bio-8080-exec-8 ] - [ INFO  ] [ c.m.r.s.security.MethodSecurityMetadataSource : 52 ] - 获取Method-资源:[com.magic.rent.service.IRentModeService.selectRentModesByHouseID]->[[]]
2016-11-07 01:14:22.204 [ http-bio-8080-exec-8 ] - [ INFO  ] [ com.magic.rent.util.JsonResult : 60 ] - JsonResult{status=true, message='null', data=[RentMode{id=1, name='分租'}, RentMode{id=2, name='整租'}]}
2016-11-07 01:14:44.229 [ http-bio-8080-exec-3 ] - [ INFO  ] [ c.m.r.s.security.ResourceSecurityMetadataSource : 47 ] - 请求资源->资源:[/house/selectHouseDetailByHouseID]->[[]]
2016-11-07 01:14:44.232 [ http-bio-8080-exec-3 ] - [ INFO  ] [ c.m.r.s.security.MethodSecurityMetadataSource : 52 ] - 获取Method-资源:[com.magic.rent.service.IHouseService.selectByHouseID]->[[]]
2016-11-07 01:14:44.232 [ http-bio-8080-exec-3 ] - [ INFO  ] [ c.m.r.s.security.MethodSecurityMetadataSource : 52 ] - 获取Method-资源:[com.magic.rent.service.IHouseService.selectByHouseID]->[[]]
2016-11-07 01:14:44.253 [ http-bio-8080-exec-3 ] - [ INFO  ] [ c.m.r.s.security.ResourceSecurityMetadataSource : 47 ] - 请求资源->资源:[/css/icheckflat/blue.css]->[[]]
2016-11-07 01:14:44.398 [ http-bio-8080-exec-4 ] - [ INFO  ] [ c.m.r.s.security.ResourceSecurityMetadataSource : 47 ] - 请求资源->资源:[/user/getUserInfo]->[[]]
2016-11-07 01:14:44.403 [ http-bio-8080-exec-4 ] - [ INFO  ] [ c.m.r.s.security.ResourceSecurityMetadataSource : 47 ] - 请求资源->资源:[/rentMode/getRentModes]->[[]]
2016-11-07 01:14:44.404 [ http-bio-8080-exec-4 ] - [ INFO  ] [ c.m.r.s.security.MethodSecurityMetadataSource : 52 ] - 获取Method-资源:[com.magic.rent.service.IRentModeService.selectRentModesByHouseID]->[[]]
2016-11-07 01:14:44.404 [ http-bio-8080-exec-4 ] - [ INFO  ] [ c.m.r.s.security.MethodSecurityMetadataSource : 52 ] - 获取Method-资源:[com.magic.rent.service.IRentModeService.selectRentModesByHouseID]->[[]]
2016-11-07 01:14:44.410 [ http-bio-8080-exec-4 ] - [ INFO  ] [ com.magic.rent.util.JsonResult : 60 ] - JsonResult{status=true, message='null', data=[RentMode{id=1, name='分租'}, RentMode{id=2, name='整租'}]}
2016-11-07 01:15:50.257 [ http-bio-8080-exec-1 ] - [ INFO  ] [ c.m.r.s.security.ResourceSecurityMetadataSource : 47 ] - 请求资源->资源:[/house/selectHouseDetailByHouseID]->[[]]
2016-11-07 01:15:50.258 [ http-bio-8080-exec-1 ] - [ INFO  ] [ c.m.r.s.security.MethodSecurityMetadataSource : 52 ] - 获取Method-资源:[com.magic.rent.service.IHouseService.selectByHouseID]->[[]]
2016-11-07 01:15:50.260 [ http-bio-8080-exec-1 ] - [ INFO  ] [ c.m.r.s.security.MethodSecurityMetadataSource : 52 ] - 获取Method-资源:[com.magic.rent.service.IHouseService.selectByHouseID]->[[]]
2016-11-07 01:15:50.303 [ http-bio-8080-exec-10 ] - [ INFO  ] [ c.m.r.s.security.ResourceSecurityMetadataSource : 47 ] - 请求资源->资源:[/css/icheckflat/blue.css]->[[]]
2016-11-07 01:15:50.393 [ http-bio-8080-exec-2 ] - [ INFO  ] [ c.m.r.s.security.ResourceSecurityMetadataSource : 47 ] - 请求资源->资源:[/user/getUserInfo]->[[]]
2016-11-07 01:15:50.399 [ http-bio-8080-exec-2 ] - [ INFO  ] [ c.m.r.s.security.ResourceSecurityMetadataSource : 47 ] - 请求资源->资源:[/rentMode/getRentModes]->[[]]
2016-11-07 01:15:50.399 [ http-bio-8080-exec-2 ] - [ INFO  ] [ c.m.r.s.security.MethodSecurityMetadataSource : 52 ] - 获取Method-资源:[com.magic.rent.service.IRentModeService.selectRentModesByHouseID]->[[]]
2016-11-07 01:15:50.400 [ http-bio-8080-exec-2 ] - [ INFO  ] [ c.m.r.s.security.MethodSecurityMetadataSource : 52 ] - 获取Method-资源:[com.magic.rent.service.IRentModeService.selectRentModesByHouseID]->[[]]
2016-11-07 01:15:50.403 [ http-bio-8080-exec-2 ] - [ INFO  ] [ com.magic.rent.util.JsonResult : 60 ] - JsonResult{status=true, message='null', data=[RentMode{id=1, name='分租'}, RentMode{id=2, name='整租'}]}
2016-11-07 01:17:15.687 [ http-bio-8080-exec-7 ] - [ INFO  ] [ c.m.r.s.security.ResourceSecurityMetadataSource : 47 ] - 请求资源->资源:[/house/selectHouseDetailByHouseID]->[[]]
2016-11-07 01:17:15.696 [ http-bio-8080-exec-7 ] - [ INFO  ] [ c.m.r.s.security.MethodSecurityMetadataSource : 52 ] - 获取Method-资源:[com.magic.rent.service.IHouseService.selectByHouseID]->[[]]
2016-11-07 01:17:15.697 [ http-bio-8080-exec-7 ] - [ INFO  ] [ c.m.r.s.security.MethodSecurityMetadataSource : 52 ] - 获取Method-资源:[com.magic.rent.service.IHouseService.selectByHouseID]->[[]]
2016-11-07 01:17:15.731 [ http-bio-8080-exec-10 ] - [ INFO  ] [ c.m.r.s.security.ResourceSecurityMetadataSource : 47 ] - 请求资源->资源:[/css/icheckflat/blue.css]->[[]]
2016-11-07 01:17:15.861 [ http-bio-8080-exec-1 ] - [ INFO  ] [ c.m.r.s.security.ResourceSecurityMetadataSource : 47 ] - 请求资源->资源:[/user/getUserInfo]->[[]]
2016-11-07 01:17:15.871 [ http-bio-8080-exec-6 ] - [ INFO  ] [ c.m.r.s.security.ResourceSecurityMetadataSource : 47 ] - 请求资源->资源:[/rentMode/getRentModes]->[[]]
2016-11-07 01:17:15.874 [ http-bio-8080-exec-6 ] - [ INFO  ] [ c.m.r.s.security.MethodSecurityMetadataSource : 52 ] - 获取Method-资源:[com.magic.rent.service.IRentModeService.selectRentModesByHouseID]->[[]]
2016-11-07 01:17:15.874 [ http-bio-8080-exec-6 ] - [ INFO  ] [ c.m.r.s.security.MethodSecurityMetadataSource : 52 ] - 获取Method-资源:[com.magic.rent.service.IRentModeService.selectRentModesByHouseID]->[[]]
2016-11-07 01:17:15.886 [ http-bio-8080-exec-6 ] - [ INFO  ] [ com.magic.rent.util.JsonResult : 60 ] - JsonResult{status=true, message='null', data=[RentMode{id=1, name='分租'}, RentMode{id=2, name='整租'}]}
2016-11-07 01:17:48.357 [ http-bio-8080-exec-1 ] - [ INFO  ] [ c.m.r.s.security.ResourceSecurityMetadataSource : 47 ] - 请求资源->资源:[/house/selectHouseDetailByHouseID]->[[]]
2016-11-07 01:17:48.360 [ http-bio-8080-exec-1 ] - [ INFO  ] [ c.m.r.s.security.MethodSecurityMetadataSource : 52 ] - 获取Method-资源:[com.magic.rent.service.IHouseService.selectByHouseID]->[[]]
2016-11-07 01:17:48.361 [ http-bio-8080-exec-1 ] - [ INFO  ] [ c.m.r.s.security.MethodSecurityMetadataSource : 52 ] - 获取Method-资源:[com.magic.rent.service.IHouseService.selectByHouseID]->[[]]
2016-11-07 01:17:48.385 [ http-bio-8080-exec-3 ] - [ INFO  ] [ c.m.r.s.security.ResourceSecurityMetadataSource : 47 ] - 请求资源->资源:[/css/icheckflat/blue.css]->[[]]
2016-11-07 01:17:48.482 [ http-bio-8080-exec-3 ] - [ INFO  ] [ c.m.r.s.security.ResourceSecurityMetadataSource : 47 ] - 请求资源->资源:[/user/getUserInfo]->[[]]
2016-11-07 01:17:48.487 [ http-bio-8080-exec-9 ] - [ INFO  ] [ c.m.r.s.security.ResourceSecurityMetadataSource : 47 ] - 请求资源->资源:[/rentMode/getRentModes]->[[]]
2016-11-07 01:17:48.488 [ http-bio-8080-exec-9 ] - [ INFO  ] [ c.m.r.s.security.MethodSecurityMetadataSource : 52 ] - 获取Method-资源:[com.magic.rent.service.IRentModeService.selectRentModesByHouseID]->[[]]
2016-11-07 01:17:48.489 [ http-bio-8080-exec-9 ] - [ INFO  ] [ c.m.r.s.security.MethodSecurityMetadataSource : 52 ] - 获取Method-资源:[com.magic.rent.service.IRentModeService.selectRentModesByHouseID]->[[]]
2016-11-07 01:17:48.497 [ http-bio-8080-exec-9 ] - [ INFO  ] [ com.magic.rent.util.JsonResult : 60 ] - JsonResult{status=true, message='null', data=[RentMode{id=1, name='分租'}, RentMode{id=2, name='整租'}]}
2016-11-07 01:24:38.063 [ http-bio-8080-exec-6 ] - [ INFO  ] [ c.m.r.s.security.ResourceSecurityMetadataSource : 47 ] - 请求资源->资源:[/house/selectHouseDetailByHouseID]->[[]]
2016-11-07 01:24:38.071 [ http-bio-8080-exec-6 ] - [ INFO  ] [ c.m.r.s.security.MethodSecurityMetadataSource : 52 ] - 获取Method-资源:[com.magic.rent.service.IHouseService.selectByHouseID]->[[]]
2016-11-07 01:24:38.072 [ http-bio-8080-exec-6 ] - [ INFO  ] [ c.m.r.s.security.MethodSecurityMetadataSource : 52 ] - 获取Method-资源:[com.magic.rent.service.IHouseService.selectByHouseID]->[[]]
2016-11-07 01:24:38.199 [ http-bio-8080-exec-10 ] - [ INFO  ] [ c.m.r.s.security.ResourceSecurityMetadataSource : 47 ] - 请求资源->资源:[/css/icheckflat/blue.css]->[[]]
2016-11-07 01:24:38.442 [ http-bio-8080-exec-10 ] - [ INFO  ] [ c.m.r.s.security.ResourceSecurityMetadataSource : 47 ] - 请求资源->资源:[/user/getUserInfo]->[[]]
2016-11-07 01:24:38.508 [ http-bio-8080-exec-10 ] - [ INFO  ] [ c.m.r.s.security.ResourceSecurityMetadataSource : 47 ] - 请求资源->资源:[/rentMode/getRentModes]->[[]]
2016-11-07 01:24:38.510 [ http-bio-8080-exec-10 ] - [ INFO  ] [ c.m.r.s.security.MethodSecurityMetadataSource : 52 ] - 获取Method-资源:[com.magic.rent.service.IRentModeService.selectRentModesByHouseID]->[[]]
2016-11-07 01:24:38.511 [ http-bio-8080-exec-10 ] - [ INFO  ] [ c.m.r.s.security.MethodSecurityMetadataSource : 52 ] - 获取Method-资源:[com.magic.rent.service.IRentModeService.selectRentModesByHouseID]->[[]]
2016-11-07 01:24:38.525 [ http-bio-8080-exec-10 ] - [ INFO  ] [ com.magic.rent.util.JsonResult : 60 ] - JsonResult{status=true, message='null', data=[RentMode{id=1, name='分租'}, RentMode{id=2, name='整租'}]}
2016-11-07 01:25:15.598 [ http-bio-8080-exec-4 ] - [ INFO  ] [ c.m.r.s.security.ResourceSecurityMetadataSource : 47 ] - 请求资源->资源:[/house/selectHouseDetailByHouseID]->[[]]
2016-11-07 01:25:15.600 [ http-bio-8080-exec-4 ] - [ INFO  ] [ c.m.r.s.security.MethodSecurityMetadataSource : 52 ] - 获取Method-资源:[com.magic.rent.service.IHouseService.selectByHouseID]->[[]]
2016-11-07 01:25:15.601 [ http-bio-8080-exec-4 ] - [ INFO  ] [ c.m.r.s.security.MethodSecurityMetadataSource : 52 ] - 获取Method-资源:[com.magic.rent.service.IHouseService.selectByHouseID]->[[]]
2016-11-07 01:25:15.637 [ http-bio-8080-exec-9 ] - [ INFO  ] [ c.m.r.s.security.ResourceSecurityMetadataSource : 47 ] - 请求资源->资源:[/css/icheckflat/blue.css]->[[]]
2016-11-07 01:25:15.745 [ http-bio-8080-exec-5 ] - [ INFO  ] [ c.m.r.s.security.ResourceSecurityMetadataSource : 47 ] - 请求资源->资源:[/user/getUserInfo]->[[]]
2016-11-07 01:25:15.753 [ http-bio-8080-exec-5 ] - [ INFO  ] [ c.m.r.s.security.ResourceSecurityMetadataSource : 47 ] - 请求资源->资源:[/rentMode/getRentModes]->[[]]
2016-11-07 01:25:15.754 [ http-bio-8080-exec-5 ] - [ INFO  ] [ c.m.r.s.security.MethodSecurityMetadataSource : 52 ] - 获取Method-资源:[com.magic.rent.service.IRentModeService.selectRentModesByHouseID]->[[]]
2016-11-07 01:25:15.754 [ http-bio-8080-exec-5 ] - [ INFO  ] [ c.m.r.s.security.MethodSecurityMetadataSource : 52 ] - 获取Method-资源:[com.magic.rent.service.IRentModeService.selectRentModesByHouseID]->[[]]
2016-11-07 01:25:15.760 [ http-bio-8080-exec-5 ] - [ INFO  ] [ com.magic.rent.util.JsonResult : 60 ] - JsonResult{status=true, message='null', data=[RentMode{id=1, name='分租'}, RentMode{id=2, name='整租'}]}
2016-11-07 01:25:27.809 [ http-bio-8080-exec-5 ] - [ INFO  ] [ c.m.r.s.security.ResourceSecurityMetadataSource : 47 ] - 请求资源->资源:[/house/selectHouseDetailByHouseID]->[[]]
2016-11-07 01:25:27.810 [ http-bio-8080-exec-5 ] - [ INFO  ] [ c.m.r.s.security.MethodSecurityMetadataSource : 52 ] - 获取Method-资源:[com.magic.rent.service.IHouseService.selectByHouseID]->[[]]
2016-11-07 01:25:27.811 [ http-bio-8080-exec-5 ] - [ INFO  ] [ c.m.r.s.security.MethodSecurityMetadataSource : 52 ] - 获取Method-资源:[com.magic.rent.service.IHouseService.selectByHouseID]->[[]]
2016-11-07 01:25:27.842 [ http-bio-8080-exec-8 ] - [ INFO  ] [ c.m.r.s.security.ResourceSecurityMetadataSource : 47 ] - 请求资源->资源:[/css/icheckflat/blue.css]->[[]]
2016-11-07 01:25:27.989 [ http-bio-8080-exec-8 ] - [ INFO  ] [ c.m.r.s.security.ResourceSecurityMetadataSource : 47 ] - 请求资源->资源:[/user/getUserInfo]->[[]]
2016-11-07 01:25:27.993 [ http-bio-8080-exec-8 ] - [ INFO  ] [ c.m.r.s.security.ResourceSecurityMetadataSource : 47 ] - 请求资源->资源:[/rentMode/getRentModes]->[[]]
2016-11-07 01:25:27.994 [ http-bio-8080-exec-8 ] - [ INFO  ] [ c.m.r.s.security.MethodSecurityMetadataSource : 52 ] - 获取Method-资源:[com.magic.rent.service.IRentModeService.selectRentModesByHouseID]->[[]]
2016-11-07 01:25:27.994 [ http-bio-8080-exec-8 ] - [ INFO  ] [ c.m.r.s.security.MethodSecurityMetadataSource : 52 ] - 获取Method-资源:[com.magic.rent.service.IRentModeService.selectRentModesByHouseID]->[[]]
2016-11-07 01:25:27.999 [ http-bio-8080-exec-8 ] - [ INFO  ] [ com.magic.rent.util.JsonResult : 60 ] - JsonResult{status=true, message='null', data=[RentMode{id=1, name='分租'}, RentMode{id=2, name='整租'}]}
2016-11-07 01:25:36.699 [ http-bio-8080-exec-10 ] - [ INFO  ] [ c.m.r.s.security.ResourceSecurityMetadataSource : 47 ] - 请求资源->资源:[/house/selectHouseDetailByHouseID]->[[]]
2016-11-07 01:25:36.703 [ http-bio-8080-exec-10 ] - [ INFO  ] [ c.m.r.s.security.MethodSecurityMetadataSource : 52 ] - 获取Method-资源:[com.magic.rent.service.IHouseService.selectByHouseID]->[[]]
2016-11-07 01:25:36.703 [ http-bio-8080-exec-10 ] - [ INFO  ] [ c.m.r.s.security.MethodSecurityMetadataSource : 52 ] - 获取Method-资源:[com.magic.rent.service.IHouseService.selectByHouseID]->[[]]
2016-11-07 01:25:36.725 [ http-bio-8080-exec-2 ] - [ INFO  ] [ c.m.r.s.security.ResourceSecurityMetadataSource : 47 ] - 请求资源->资源:[/css/icheckflat/blue.css]->[[]]
2016-11-07 01:25:36.827 [ http-bio-8080-exec-7 ] - [ INFO  ] [ c.m.r.s.security.ResourceSecurityMetadataSource : 47 ] - 请求资源->资源:[/user/getUserInfo]->[[]]
2016-11-07 01:25:36.831 [ http-bio-8080-exec-7 ] - [ INFO  ] [ c.m.r.s.security.ResourceSecurityMetadataSource : 47 ] - 请求资源->资源:[/rentMode/getRentModes]->[[]]
2016-11-07 01:25:36.833 [ http-bio-8080-exec-7 ] - [ INFO  ] [ c.m.r.s.security.MethodSecurityMetadataSource : 52 ] - 获取Method-资源:[com.magic.rent.service.IRentModeService.selectRentModesByHouseID]->[[]]
2016-11-07 01:25:36.835 [ http-bio-8080-exec-7 ] - [ INFO  ] [ c.m.r.s.security.MethodSecurityMetadataSource : 52 ] - 获取Method-资源:[com.magic.rent.service.IRentModeService.selectRentModesByHouseID]->[[]]
2016-11-07 01:25:36.838 [ http-bio-8080-exec-7 ] - [ INFO  ] [ com.magic.rent.util.JsonResult : 60 ] - JsonResult{status=true, message='null', data=[RentMode{id=1, name='分租'}, RentMode{id=2, name='整租'}]}
2016-11-07 01:29:45.735 [ http-bio-8080-exec-4 ] - [ INFO  ] [ c.m.r.s.security.ResourceSecurityMetadataSource : 47 ] - 请求资源->资源:[/house/selectHouseDetailByHouseID]->[[]]
2016-11-07 01:29:45.745 [ http-bio-8080-exec-4 ] - [ INFO  ] [ c.m.r.s.security.MethodSecurityMetadataSource : 52 ] - 获取Method-资源:[com.magic.rent.service.IHouseService.selectByHouseID]->[[]]
2016-11-07 01:29:45.748 [ http-bio-8080-exec-4 ] - [ INFO  ] [ c.m.r.s.security.MethodSecurityMetadataSource : 52 ] - 获取Method-资源:[com.magic.rent.service.IHouseService.selectByHouseID]->[[]]
2016-11-07 01:29:45.834 [ http-bio-8080-exec-3 ] - [ INFO  ] [ c.m.r.s.security.ResourceSecurityMetadataSource : 47 ] - 请求资源->资源:[/css/icheckflat/blue.css]->[[]]
2016-11-07 01:29:45.958 [ http-bio-8080-exec-3 ] - [ INFO  ] [ c.m.r.s.security.ResourceSecurityMetadataSource : 47 ] - 请求资源->资源:[/user/getUserInfo]->[[]]
2016-11-07 01:29:46.024 [ http-bio-8080-exec-3 ] - [ INFO  ] [ c.m.r.s.security.ResourceSecurityMetadataSource : 47 ] - 请求资源->资源:[/rentMode/getRentModes]->[[]]
2016-11-07 01:29:46.029 [ http-bio-8080-exec-3 ] - [ INFO  ] [ c.m.r.s.security.MethodSecurityMetadataSource : 52 ] - 获取Method-资源:[com.magic.rent.service.IRentModeService.selectRentModesByHouseID]->[[]]
2016-11-07 01:29:46.032 [ http-bio-8080-exec-3 ] - [ INFO  ] [ c.m.r.s.security.MethodSecurityMetadataSource : 52 ] - 获取Method-资源:[com.magic.rent.service.IRentModeService.selectRentModesByHouseID]->[[]]
2016-11-07 01:29:46.052 [ http-bio-8080-exec-3 ] - [ INFO  ] [ com.magic.rent.util.JsonResult : 60 ] - JsonResult{status=true, message='null', data=[RentMode{id=1, name='分租'}, RentMode{id=2, name='整租'}]}
2016-11-07 01:30:23.589 [ http-bio-8080-exec-9 ] - [ INFO  ] [ c.m.r.s.security.ResourceSecurityMetadataSource : 47 ] - 请求资源->资源:[/house/selectHouseDetailByHouseID]->[[]]
2016-11-07 01:30:23.592 [ http-bio-8080-exec-9 ] - [ INFO  ] [ c.m.r.s.security.MethodSecurityMetadataSource : 52 ] - 获取Method-资源:[com.magic.rent.service.IHouseService.selectByHouseID]->[[]]
2016-11-07 01:30:23.592 [ http-bio-8080-exec-9 ] - [ INFO  ] [ c.m.r.s.security.MethodSecurityMetadataSource : 52 ] - 获取Method-资源:[com.magic.rent.service.IHouseService.selectByHouseID]->[[]]
2016-11-07 01:30:23.615 [ http-bio-8080-exec-9 ] - [ INFO  ] [ c.m.r.s.security.ResourceSecurityMetadataSource : 47 ] - 请求资源->资源:[/css/icheckflat/blue.css]->[[]]
2016-11-07 01:30:23.712 [ http-bio-8080-exec-9 ] - [ INFO  ] [ c.m.r.s.security.ResourceSecurityMetadataSource : 47 ] - 请求资源->资源:[/user/getUserInfo]->[[]]
2016-11-07 01:30:23.716 [ http-bio-8080-exec-1 ] - [ INFO  ] [ c.m.r.s.security.ResourceSecurityMetadataSource : 47 ] - 请求资源->资源:[/rentMode/getRentModes]->[[]]
2016-11-07 01:30:23.719 [ http-bio-8080-exec-1 ] - [ INFO  ] [ c.m.r.s.security.MethodSecurityMetadataSource : 52 ] - 获取Method-资源:[com.magic.rent.service.IRentModeService.selectRentModesByHouseID]->[[]]
2016-11-07 01:30:23.719 [ http-bio-8080-exec-1 ] - [ INFO  ] [ c.m.r.s.security.MethodSecurityMetadataSource : 52 ] - 获取Method-资源:[com.magic.rent.service.IRentModeService.selectRentModesByHouseID]->[[]]
2016-11-07 01:30:23.724 [ http-bio-8080-exec-1 ] - [ INFO  ] [ com.magic.rent.util.JsonResult : 60 ] - JsonResult{status=true, message='null', data=[RentMode{id=1, name='分租'}, RentMode{id=2, name='整租'}]}
2016-11-07 01:31:56.224 [ http-bio-8080-exec-2 ] - [ INFO  ] [ c.m.r.s.security.ResourceSecurityMetadataSource : 47 ] - 请求资源->资源:[/house/selectHouseDetailByHouseID]->[[]]
2016-11-07 01:31:56.235 [ http-bio-8080-exec-2 ] - [ INFO  ] [ c.m.r.s.security.MethodSecurityMetadataSource : 52 ] - 获取Method-资源:[com.magic.rent.service.IHouseService.selectByHouseID]->[[]]
2016-11-07 01:31:56.236 [ http-bio-8080-exec-2 ] - [ INFO  ] [ c.m.r.s.security.MethodSecurityMetadataSource : 52 ] - 获取Method-资源:[com.magic.rent.service.IHouseService.selectByHouseID]->[[]]
2016-11-07 01:31:56.281 [ http-bio-8080-exec-2 ] - [ INFO  ] [ c.m.r.s.security.ResourceSecurityMetadataSource : 47 ] - 请求资源->资源:[/css/icheckflat/blue.css]->[[]]
2016-11-07 01:31:56.351 [ http-bio-8080-exec-2 ] - [ INFO  ] [ c.m.r.s.security.ResourceSecurityMetadataSource : 47 ] - 请求资源->资源:[/user/getUserInfo]->[[]]
2016-11-07 01:31:56.356 [ http-bio-8080-exec-5 ] - [ INFO  ] [ c.m.r.s.security.ResourceSecurityMetadataSource : 47 ] - 请求资源->资源:[/rentMode/getRentModes]->[[]]
2016-11-07 01:31:56.358 [ http-bio-8080-exec-5 ] - [ INFO  ] [ c.m.r.s.security.MethodSecurityMetadataSource : 52 ] - 获取Method-资源:[com.magic.rent.service.IRentModeService.selectRentModesByHouseID]->[[]]
2016-11-07 01:31:56.359 [ http-bio-8080-exec-5 ] - [ INFO  ] [ c.m.r.s.security.MethodSecurityMetadataSource : 52 ] - 获取Method-资源:[com.magic.rent.service.IRentModeService.selectRentModesByHouseID]->[[]]
2016-11-07 01:31:56.363 [ http-bio-8080-exec-5 ] - [ INFO  ] [ com.magic.rent.util.JsonResult : 60 ] - JsonResult{status=true, message='null', data=[RentMode{id=1, name='分租'}, RentMode{id=2, name='整租'}]}
2016-11-07 01:32:26.099 [ http-bio-8080-exec-1 ] - [ INFO  ] [ c.m.r.s.security.ResourceSecurityMetadataSource : 47 ] - 请求资源->资源:[/house/selectHouseDetailByHouseID]->[[]]
2016-11-07 01:32:26.101 [ http-bio-8080-exec-1 ] - [ INFO  ] [ c.m.r.s.security.MethodSecurityMetadataSource : 52 ] - 获取Method-资源:[com.magic.rent.service.IHouseService.selectByHouseID]->[[]]
2016-11-07 01:32:26.102 [ http-bio-8080-exec-1 ] - [ INFO  ] [ c.m.r.s.security.MethodSecurityMetadataSource : 52 ] - 获取Method-资源:[com.magic.rent.service.IHouseService.selectByHouseID]->[[]]
2016-11-07 01:32:26.125 [ http-bio-8080-exec-1 ] - [ INFO  ] [ c.m.r.s.security.ResourceSecurityMetadataSource : 47 ] - 请求资源->资源:[/css/icheckflat/blue.css]->[[]]
2016-11-07 01:32:26.204 [ http-bio-8080-exec-1 ] - [ INFO  ] [ c.m.r.s.security.ResourceSecurityMetadataSource : 47 ] - 请求资源->资源:[/user/getUserInfo]->[[]]
2016-11-07 01:32:28.588 [ http-bio-8080-exec-1 ] - [ INFO  ] [ c.m.r.s.security.ResourceSecurityMetadataSource : 47 ] - 请求资源->资源:[/rentMode/getRentModes]->[[]]
2016-11-07 01:32:28.589 [ http-bio-8080-exec-1 ] - [ INFO  ] [ c.m.r.s.security.MethodSecurityMetadataSource : 52 ] - 获取Method-资源:[com.magic.rent.service.IRentModeService.selectRentModesByHouseID]->[[]]
2016-11-07 01:32:28.590 [ http-bio-8080-exec-1 ] - [ INFO  ] [ c.m.r.s.security.MethodSecurityMetadataSource : 52 ] - 获取Method-资源:[com.magic.rent.service.IRentModeService.selectRentModesByHouseID]->[[]]
2016-11-07 01:32:28.596 [ http-bio-8080-exec-1 ] - [ INFO  ] [ com.magic.rent.util.JsonResult : 60 ] - JsonResult{status=true, message='null', data=[RentMode{id=1, name='分租'}, RentMode{id=2, name='整租'}]}
2016-11-07 01:32:55.809 [ http-bio-8080-exec-4 ] - [ INFO  ] [ c.m.r.s.security.ResourceSecurityMetadataSource : 47 ] - 请求资源->资源:[/house/selectHouseDetailByHouseID]->[[]]
2016-11-07 01:32:55.825 [ http-bio-8080-exec-4 ] - [ INFO  ] [ c.m.r.s.security.MethodSecurityMetadataSource : 52 ] - 获取Method-资源:[com.magic.rent.service.IHouseService.selectByHouseID]->[[]]
2016-11-07 01:32:55.826 [ http-bio-8080-exec-4 ] - [ INFO  ] [ c.m.r.s.security.MethodSecurityMetadataSource : 52 ] - 获取Method-资源:[com.magic.rent.service.IHouseService.selectByHouseID]->[[]]
2016-11-07 01:32:55.869 [ http-bio-8080-exec-4 ] - [ INFO  ] [ c.m.r.s.security.ResourceSecurityMetadataSource : 47 ] - 请求资源->资源:[/css/icheckflat/blue.css]->[[]]
2016-11-07 01:32:55.992 [ http-bio-8080-exec-2 ] - [ INFO  ] [ c.m.r.s.security.ResourceSecurityMetadataSource : 47 ] - 请求资源->资源:[/user/getUserInfo]->[[]]
2016-11-07 01:32:57.286 [ http-bio-8080-exec-2 ] - [ INFO  ] [ c.m.r.s.security.ResourceSecurityMetadataSource : 47 ] - 请求资源->资源:[/rentMode/getRentModes]->[[]]
2016-11-07 01:32:57.287 [ http-bio-8080-exec-2 ] - [ INFO  ] [ c.m.r.s.security.MethodSecurityMetadataSource : 52 ] - 获取Method-资源:[com.magic.rent.service.IRentModeService.selectRentModesByHouseID]->[[]]
2016-11-07 01:32:57.288 [ http-bio-8080-exec-2 ] - [ INFO  ] [ c.m.r.s.security.MethodSecurityMetadataSource : 52 ] - 获取Method-资源:[com.magic.rent.service.IRentModeService.selectRentModesByHouseID]->[[]]
2016-11-07 01:32:57.295 [ http-bio-8080-exec-2 ] - [ INFO  ] [ com.magic.rent.util.JsonResult : 60 ] - JsonResult{status=true, message='null', data=[RentMode{id=1, name='分租'}, RentMode{id=2, name='整租'}]}
2016-11-07 01:39:45.511 [ http-bio-8080-exec-10 ] - [ INFO  ] [ c.m.r.s.security.ResourceSecurityMetadataSource : 47 ] - 请求资源->资源:[/house/selectHouseDetailByHouseID]->[[]]
2016-11-07 01:39:45.523 [ http-bio-8080-exec-10 ] - [ INFO  ] [ c.m.r.s.security.MethodSecurityMetadataSource : 52 ] - 获取Method-资源:[com.magic.rent.service.IHouseService.selectByHouseID]->[[]]
2016-11-07 01:39:45.525 [ http-bio-8080-exec-10 ] - [ INFO  ] [ c.m.r.s.security.MethodSecurityMetadataSource : 52 ] - 获取Method-资源:[com.magic.rent.service.IHouseService.selectByHouseID]->[[]]
2016-11-07 01:39:45.619 [ http-bio-8080-exec-10 ] - [ INFO  ] [ c.m.r.s.security.ResourceSecurityMetadataSource : 47 ] - 请求资源->资源:[/css/icheckflat/blue.css]->[[]]
2016-11-07 01:39:45.687 [ http-bio-8080-exec-10 ] - [ INFO  ] [ c.m.r.s.security.ResourceSecurityMetadataSource : 47 ] - 请求资源->资源:[/user/getUserInfo]->[[]]
2016-11-07 01:39:47.099 [ http-bio-8080-exec-10 ] - [ INFO  ] [ c.m.r.s.security.ResourceSecurityMetadataSource : 47 ] - 请求资源->资源:[/rentMode/getRentModes]->[[]]
2016-11-07 01:39:47.100 [ http-bio-8080-exec-10 ] - [ INFO  ] [ c.m.r.s.security.MethodSecurityMetadataSource : 52 ] - 获取Method-资源:[com.magic.rent.service.IRentModeService.selectRentModesByHouseID]->[[]]
2016-11-07 01:39:47.101 [ http-bio-8080-exec-10 ] - [ INFO  ] [ c.m.r.s.security.MethodSecurityMetadataSource : 52 ] - 获取Method-资源:[com.magic.rent.service.IRentModeService.selectRentModesByHouseID]->[[]]
2016-11-07 01:39:47.107 [ http-bio-8080-exec-10 ] - [ INFO  ] [ com.magic.rent.util.JsonResult : 60 ] - JsonResult{status=true, message='null', data=[RentMode{id=1, name='分租'}, RentMode{id=2, name='整租'}]}
2016-11-07 01:44:01.325 [ http-bio-8080-exec-6 ] - [ INFO  ] [ c.m.r.s.security.ResourceSecurityMetadataSource : 47 ] - 请求资源->资源:[/house/selectHouseDetailByHouseID]->[[]]
2016-11-07 01:44:01.338 [ http-bio-8080-exec-6 ] - [ INFO  ] [ c.m.r.s.security.MethodSecurityMetadataSource : 52 ] - 获取Method-资源:[com.magic.rent.service.IHouseService.selectByHouseID]->[[]]
2016-11-07 01:44:01.340 [ http-bio-8080-exec-6 ] - [ INFO  ] [ c.m.r.s.security.MethodSecurityMetadataSource : 52 ] - 获取Method-资源:[com.magic.rent.service.IHouseService.selectByHouseID]->[[]]
2016-11-07 01:44:01.407 [ http-bio-8080-exec-6 ] - [ INFO  ] [ c.m.r.s.security.ResourceSecurityMetadataSource : 47 ] - 请求资源->资源:[/css/icheckflat/blue.css]->[[]]
2016-11-07 01:44:01.475 [ http-bio-8080-exec-6 ] - [ INFO  ] [ c.m.r.s.security.ResourceSecurityMetadataSource : 47 ] - 请求资源->资源:[/user/getUserInfo]->[[]]
2016-11-07 01:44:03.442 [ http-bio-8080-exec-6 ] - [ INFO  ] [ c.m.r.s.security.ResourceSecurityMetadataSource : 47 ] - 请求资源->资源:[/house/selectHouseDetailByHouseID]->[[]]
2016-11-07 01:44:03.443 [ http-bio-8080-exec-6 ] - [ INFO  ] [ c.m.r.s.security.MethodSecurityMetadataSource : 52 ] - 获取Method-资源:[com.magic.rent.service.IHouseService.selectByHouseID]->[[]]
2016-11-07 01:44:03.444 [ http-bio-8080-exec-6 ] - [ INFO  ] [ c.m.r.s.security.MethodSecurityMetadataSource : 52 ] - 获取Method-资源:[com.magic.rent.service.IHouseService.selectByHouseID]->[[]]
2016-11-07 01:44:03.460 [ http-bio-8080-exec-6 ] - [ INFO  ] [ c.m.r.s.security.ResourceSecurityMetadataSource : 47 ] - 请求资源->资源:[/css/icheckflat/blue.css]->[[]]
2016-11-07 01:44:03.526 [ http-bio-8080-exec-6 ] - [ INFO  ] [ c.m.r.s.security.ResourceSecurityMetadataSource : 47 ] - 请求资源->资源:[/user/getUserInfo]->[[]]
2016-11-07 01:45:00.650 [ http-bio-8080-exec-2 ] - [ INFO  ] [ c.m.r.s.security.ResourceSecurityMetadataSource : 47 ] - 请求资源->资源:[/house/selectHouseDetailByHouseID]->[[]]
2016-11-07 01:45:00.653 [ http-bio-8080-exec-2 ] - [ INFO  ] [ c.m.r.s.security.MethodSecurityMetadataSource : 52 ] - 获取Method-资源:[com.magic.rent.service.IHouseService.selectByHouseID]->[[]]
2016-11-07 01:45:00.653 [ http-bio-8080-exec-2 ] - [ INFO  ] [ c.m.r.s.security.MethodSecurityMetadataSource : 52 ] - 获取Method-资源:[com.magic.rent.service.IHouseService.selectByHouseID]->[[]]
2016-11-07 01:45:00.673 [ http-bio-8080-exec-2 ] - [ INFO  ] [ c.m.r.s.security.ResourceSecurityMetadataSource : 47 ] - 请求资源->资源:[/css/icheckflat/blue.css]->[[]]
2016-11-07 01:45:00.765 [ http-bio-8080-exec-2 ] - [ INFO  ] [ c.m.r.s.security.ResourceSecurityMetadataSource : 47 ] - 请求资源->资源:[/user/getUserInfo]->[[]]
2016-11-07 01:45:39.630 [ http-bio-8080-exec-9 ] - [ INFO  ] [ c.m.r.s.security.ResourceSecurityMetadataSource : 47 ] - 请求资源->资源:[/house/selectHouseDetailByHouseID]->[[]]
2016-11-07 01:45:39.635 [ http-bio-8080-exec-9 ] - [ INFO  ] [ c.m.r.s.security.MethodSecurityMetadataSource : 52 ] - 获取Method-资源:[com.magic.rent.service.IHouseService.selectByHouseID]->[[]]
2016-11-07 01:45:39.636 [ http-bio-8080-exec-9 ] - [ INFO  ] [ c.m.r.s.security.MethodSecurityMetadataSource : 52 ] - 获取Method-资源:[com.magic.rent.service.IHouseService.selectByHouseID]->[[]]
2016-11-07 01:45:39.677 [ http-bio-8080-exec-9 ] - [ INFO  ] [ c.m.r.s.security.ResourceSecurityMetadataSource : 47 ] - 请求资源->资源:[/css/icheckflat/blue.css]->[[]]
2016-11-07 01:45:39.836 [ http-bio-8080-exec-9 ] - [ INFO  ] [ c.m.r.s.security.ResourceSecurityMetadataSource : 47 ] - 请求资源->资源:[/user/getUserInfo]->[[]]
2016-11-07 01:45:39.842 [ http-bio-8080-exec-9 ] - [ INFO  ] [ c.m.r.s.security.ResourceSecurityMetadataSource : 47 ] - 请求资源->资源:[/rentMode/getRentModes]->[[]]
2016-11-07 01:45:39.846 [ http-bio-8080-exec-9 ] - [ INFO  ] [ c.m.r.s.security.MethodSecurityMetadataSource : 52 ] - 获取Method-资源:[com.magic.rent.service.IRentModeService.selectRentModesByHouseID]->[[]]
2016-11-07 01:45:39.846 [ http-bio-8080-exec-9 ] - [ INFO  ] [ c.m.r.s.security.MethodSecurityMetadataSource : 52 ] - 获取Method-资源:[com.magic.rent.service.IRentModeService.selectRentModesByHouseID]->[[]]
2016-11-07 01:45:39.867 [ http-bio-8080-exec-9 ] - [ INFO  ] [ com.magic.rent.util.JsonResult : 60 ] - JsonResult{status=true, message='null', data=[RentMode{id=1, name='分租'}, RentMode{id=2, name='整租'}]}
2016-11-07 01:51:14.397 [ http-bio-8080-exec-8 ] - [ INFO  ] [ c.m.r.s.security.ResourceSecurityMetadataSource : 47 ] - 请求资源->资源:[/house/selectHouseDetailByHouseID]->[[]]
2016-11-07 01:51:14.415 [ http-bio-8080-exec-8 ] - [ INFO  ] [ c.m.r.s.security.MethodSecurityMetadataSource : 52 ] - 获取Method-资源:[com.magic.rent.service.IHouseService.selectByHouseID]->[[]]
2016-11-07 01:51:14.417 [ http-bio-8080-exec-8 ] - [ INFO  ] [ c.m.r.s.security.MethodSecurityMetadataSource : 52 ] - 获取Method-资源:[com.magic.rent.service.IHouseService.selectByHouseID]->[[]]
2016-11-07 01:51:14.506 [ http-bio-8080-exec-8 ] - [ INFO  ] [ c.m.r.s.security.ResourceSecurityMetadataSource : 47 ] - 请求资源->资源:[/css/icheckflat/blue.css]->[[]]
2016-11-07 01:51:14.588 [ http-bio-8080-exec-1 ] - [ INFO  ] [ c.m.r.s.security.ResourceSecurityMetadataSource : 47 ] - 请求资源->资源:[/user/getUserInfo]->[[]]
2016-11-07 01:51:14.594 [ http-bio-8080-exec-8 ] - [ INFO  ] [ c.m.r.s.security.ResourceSecurityMetadataSource : 47 ] - 请求资源->资源:[/rentMode/getRentModes]->[[]]
2016-11-07 01:51:14.596 [ http-bio-8080-exec-8 ] - [ INFO  ] [ c.m.r.s.security.MethodSecurityMetadataSource : 52 ] - 获取Method-资源:[com.magic.rent.service.IRentModeService.selectRentModesByHouseID]->[[]]
2016-11-07 01:51:14.596 [ http-bio-8080-exec-8 ] - [ INFO  ] [ c.m.r.s.security.MethodSecurityMetadataSource : 52 ] - 获取Method-资源:[com.magic.rent.service.IRentModeService.selectRentModesByHouseID]->[[]]
2016-11-07 01:51:14.607 [ http-bio-8080-exec-8 ] - [ INFO  ] [ com.magic.rent.util.JsonResult : 60 ] - JsonResult{status=true, message='null', data=[RentMode{id=1, name='分租'}, RentMode{id=2, name='整租'}]}
2016-11-07 01:51:16.897 [ http-bio-8080-exec-8 ] - [ INFO  ] [ c.m.r.s.security.ResourceSecurityMetadataSource : 47 ] - 请求资源->资源:[/house/selectHouseDetailByHouseID]->[[]]
2016-11-07 01:51:16.897 [ http-bio-8080-exec-8 ] - [ INFO  ] [ c.m.r.s.security.MethodSecurityMetadataSource : 52 ] - 获取Method-资源:[com.magic.rent.service.IHouseService.selectByHouseID]->[[]]
2016-11-07 01:51:16.898 [ http-bio-8080-exec-8 ] - [ INFO  ] [ c.m.r.s.security.MethodSecurityMetadataSource : 52 ] - 获取Method-资源:[com.magic.rent.service.IHouseService.selectByHouseID]->[[]]
2016-11-07 01:51:16.909 [ http-bio-8080-exec-8 ] - [ INFO  ] [ c.m.r.s.security.ResourceSecurityMetadataSource : 47 ] - 请求资源->资源:[/css/icheckflat/blue.css]->[[]]
2016-11-07 01:51:16.944 [ http-bio-8080-exec-8 ] - [ INFO  ] [ c.m.r.s.security.ResourceSecurityMetadataSource : 47 ] - 请求资源->资源:[/user/getUserInfo]->[[]]
2016-11-07 01:51:16.950 [ http-bio-8080-exec-1 ] - [ INFO  ] [ c.m.r.s.security.ResourceSecurityMetadataSource : 47 ] - 请求资源->资源:[/rentMode/getRentModes]->[[]]
2016-11-07 01:51:16.953 [ http-bio-8080-exec-1 ] - [ INFO  ] [ c.m.r.s.security.MethodSecurityMetadataSource : 52 ] - 获取Method-资源:[com.magic.rent.service.IRentModeService.selectRentModesByHouseID]->[[]]
2016-11-07 01:51:16.953 [ http-bio-8080-exec-1 ] - [ INFO  ] [ c.m.r.s.security.MethodSecurityMetadataSource : 52 ] - 获取Method-资源:[com.magic.rent.service.IRentModeService.selectRentModesByHouseID]->[[]]
2016-11-07 01:51:16.956 [ http-bio-8080-exec-1 ] - [ INFO  ] [ com.magic.rent.util.JsonResult : 60 ] - JsonResult{status=true, message='null', data=[RentMode{id=1, name='分租'}, RentMode{id=2, name='整租'}]}
2016-11-07 01:51:24.154 [ http-bio-8080-exec-1 ] - [ INFO  ] [ c.m.r.s.security.ResourceSecurityMetadataSource : 47 ] - 请求资源->资源:[/css/icheckflat/blue.css]->[[]]
2016-11-07 01:51:39.248 [ http-bio-8080-exec-1 ] - [ INFO  ] [ c.m.r.s.security.ResourceSecurityMetadataSource : 47 ] - 请求资源->资源:[/house/selectHouseDetailByHouseID]->[[]]
2016-11-07 01:51:39.263 [ http-bio-8080-exec-1 ] - [ INFO  ] [ c.m.r.s.security.MethodSecurityMetadataSource : 52 ] - 获取Method-资源:[com.magic.rent.service.IHouseService.selectByHouseID]->[[]]
2016-11-07 01:51:39.264 [ http-bio-8080-exec-1 ] - [ INFO  ] [ c.m.r.s.security.MethodSecurityMetadataSource : 52 ] - 获取Method-资源:[com.magic.rent.service.IHouseService.selectByHouseID]->[[]]
2016-11-07 01:51:39.302 [ http-bio-8080-exec-1 ] - [ INFO  ] [ c.m.r.s.security.ResourceSecurityMetadataSource : 47 ] - 请求资源->资源:[/css/icheckflat/blue.css]->[[]]
2016-11-07 01:51:39.369 [ http-bio-8080-exec-1 ] - [ INFO  ] [ c.m.r.s.security.ResourceSecurityMetadataSource : 47 ] - 请求资源->资源:[/user/getUserInfo]->[[]]
2016-11-07 01:51:39.374 [ http-bio-8080-exec-5 ] - [ INFO  ] [ c.m.r.s.security.ResourceSecurityMetadataSource : 47 ] - 请求资源->资源:[/rentMode/getRentModes]->[[]]
2016-11-07 01:51:39.377 [ http-bio-8080-exec-5 ] - [ INFO  ] [ c.m.r.s.security.MethodSecurityMetadataSource : 52 ] - 获取Method-资源:[com.magic.rent.service.IRentModeService.selectRentModesByHouseID]->[[]]
2016-11-07 01:51:39.380 [ http-bio-8080-exec-5 ] - [ INFO  ] [ c.m.r.s.security.MethodSecurityMetadataSource : 52 ] - 获取Method-资源:[com.magic.rent.service.IRentModeService.selectRentModesByHouseID]->[[]]
2016-11-07 01:51:39.391 [ http-bio-8080-exec-5 ] - [ INFO  ] [ com.magic.rent.util.JsonResult : 60 ] - JsonResult{status=true, message='null', data=[RentMode{id=1, name='分租'}, RentMode{id=2, name='整租'}]}
