2016-12-15 20:19:26.132 [ MLog-Init-Reporter ] - [ INFO  ] [ com.mchange.v2.log.MLog : 203 ] - MLog clients using slf4j logging.
2016-12-15 20:19:31.209 [ RMI TCP Connection(2)-127.0.0.1 ] - [ INFO  ] [ com.mchange.v2.c3p0.C3P0Registry : 203 ] - Initializing c3p0-0.9.5.1 [built 16-June-2015 00:06:36 -0700; debug? true; trace: 10]
2016-12-15 20:19:38.450 [ RMI TCP Connection(2)-127.0.0.1 ] - [ INFO  ] [ c.m.v2.c3p0.impl.AbstractPoolBackedDataSource : 203 ] - Initializing c3p0 pool... com.mchange.v2.c3p0.ComboPooledDataSource [ acquireIncrement -> 3, acquireRetryAttempts -> 30, acquireRetryDelay -> 1000, autoCommitOnClose -> false, automaticTestTable -> null, breakAfterAcquireFailure -> false, checkoutTimeout -> 0, connectionCustomizerClassName -> null, connectionTesterClassName -> com.mchange.v2.c3p0.impl.DefaultConnectionTester, contextClassLoaderSource -> caller, dataSourceName -> 1hge1hf9lo7cw09jfhio|e47c3b5, debugUnreturnedConnectionStackTraces -> false, description -> null, driverClass -> com.mysql.jdbc.Driver, extensions -> {}, factoryClassLocation -> null, forceIgnoreUnresolvedTransactions -> false, forceSynchronousCheckins -> false, forceUseNamedDriverClass -> false, identityToken -> 1hge1hf9lo7cw09jfhio|e47c3b5, idleConnectionTestPeriod -> 0, initialPoolSize -> 3, jdbcUrl -> jdbc:mysql://127.0.0.1:3306/db_house_rent?characterEncoding=UTF-8, maxAdministrativeTaskTime -> 0, maxConnectionAge -> 0, maxIdleTime -> 60, maxIdleTimeExcessConnections -> 0, maxPoolSize -> 50, maxStatements -> 0, maxStatementsPerConnection -> 0, minPoolSize -> 2, numHelperThreads -> 3, preferredTestQuery -> null, privilegeSpawnedThreads -> false, properties -> {user=******, password=******}, propertyCycle -> 0, statementCacheNumDeferredCloseThreads -> 0, testConnectionOnCheckin -> false, testConnectionOnCheckout -> false, unreturnedConnectionTimeout -> 0, userOverrides -> {}, usesTraditionalReflectiveProxies -> false ]
2016-12-15 20:19:39.087 [ RMI TCP Connection(2)-127.0.0.1 ] - [ INFO  ] [ c.m.r.s.security.ResourceSecurityMetadataSource : 97 ] - 资源文件权限参数初始化:资源列表[{Ant [pattern='/user/home']=[ROLE_BASE], Ant [pattern='/community/create']=[ROLE_DEVELOPER], Ant [pattern='/community/cancel']=[ROLE_DEVELOPER], Ant [pattern='/community/pass']=[ROLE_BS_ADMIN], Ant [pattern='/community/refuse']=[ROLE_BS_ADMIN], Ant [pattern='/community/classify']=[ROLE_BS_ADMIN], Ant [pattern='/community/success']=[ROLE_DEVELOPER], Ant [pattern='/community/myClassify']=[ROLE_DEVELOPER], Ant [pattern='/house/issue']=[ROLE_DEVELOPER], Ant [pattern='/admin/index']=[ROLE_BS_ADMIN]}]
2016-12-15 20:19:39.190 [ RMI TCP Connection(2)-127.0.0.1 ] - [ INFO  ] [ c.m.r.s.security.ResourceSecurityMetadataSource : 47 ] - 请求资源->资源:[/cp/user/login]->[[]]
2016-12-15 20:19:39.452 [ RMI TCP Connection(2)-127.0.0.1 ] - [ INFO  ] [ cn.com.showings.lottery.service.jcaptcha.JCaptchaFilter : 95 ] - 参数初始化:验证失败后跳转的链接地址为-[/user/login]
2016-12-15 20:19:40.955 [ http-bio-8080-exec-8 ] - [ INFO  ] [ c.m.r.s.security.ResourceSecurityMetadataSource : 47 ] - 请求资源->资源:[/]->[[]]
2016-12-15 20:19:42.018 [ http-bio-8080-exec-10 ] - [ INFO  ] [ c.m.r.s.security.ResourceSecurityMetadataSource : 47 ] - 请求资源->资源:[/]->[[]]
2016-12-15 20:19:42.094 [ http-bio-8080-exec-7 ] - [ INFO  ] [ c.m.r.s.security.ResourceSecurityMetadataSource : 47 ] - 请求资源->资源:[/]->[[]]
2016-12-15 20:19:42.607 [ http-bio-8080-exec-10 ] - [ INFO  ] [ c.m.r.s.security.ResourceSecurityMetadataSource : 47 ] - 请求资源->资源:[/favicon.ico]->[[]]
2016-12-15 20:19:43.930 [ http-bio-8080-exec-10 ] - [ INFO  ] [ c.m.r.s.security.ResourceSecurityMetadataSource : 47 ] - 请求资源->资源:[/user/login]->[[]]
2016-12-15 20:19:44.242 [ http-bio-8080-exec-4 ] - [ INFO  ] [ c.m.r.s.security.ResourceSecurityMetadataSource : 47 ] - 请求资源->资源:[/favicon.ico]->[[]]
2016-12-15 20:19:58.397 [ http-bio-8080-exec-4 ] - [ INFO  ] [ c.m.rent.controller.LoginAuthenticationController : 85 ] - 登录失败:请求IP地址[0:0:0:0:0:0:0:1];失败原因:用户未找到;
2016-12-15 20:19:58.405 [ http-bio-8080-exec-4 ] - [ INFO  ] [ c.m.r.s.security.ResourceSecurityMetadataSource : 47 ] - 请求资源->资源:[/user/login]->[[]]
2016-12-15 20:19:58.491 [ http-bio-8080-exec-4 ] - [ INFO  ] [ c.m.r.s.security.ResourceSecurityMetadataSource : 47 ] - 请求资源->资源:[/favicon.ico]->[[]]
2016-12-15 20:21:39.267 [ http-bio-8080-exec-6 ] - [ INFO  ] [ c.m.rent.service.security.WebUserDetailsService : 90 ] - 读取用户角色:账户名[18650155502]-权限[[ROLE_BASE]]
2016-12-15 20:21:39.298 [ http-bio-8080-exec-6 ] - [ INFO  ] [ c.m.r.s.security.MethodSecurityMetadataSource : 52 ] - 获取Method-资源:[cn.com.showings.lottery.service.IUserService.updateUserLoginInfo]->[[]]
2016-12-15 20:21:39.299 [ http-bio-8080-exec-6 ] - [ INFO  ] [ c.m.r.s.security.MethodSecurityMetadataSource : 52 ] - 获取Method-资源:[cn.com.showings.lottery.service.IUserService.updateUserLoginInfo]->[[]]
2016-12-15 20:21:39.354 [ http-bio-8080-exec-6 ] - [ INFO  ] [ c.m.r.s.security.ResourceSecurityMetadataSource : 47 ] - 请求资源->资源:[/home]->[[]]
2016-12-15 20:21:39.358 [ http-bio-8080-exec-6 ] - [ INFO  ] [ c.m.r.s.security.MethodSecurityMetadataSource : 52 ] - 获取Method-资源:[cn.com.showings.lottery.service.ISysMenuService.selectSysMenusByUserID]->[[]]
2016-12-15 20:21:39.359 [ http-bio-8080-exec-6 ] - [ INFO  ] [ c.m.r.s.security.MethodSecurityMetadataSource : 52 ] - 获取Method-资源:[cn.com.showings.lottery.service.ISysMenuService.selectSysMenusByUserID]->[[]]
2016-12-15 20:21:39.524 [ http-bio-8080-exec-6 ] - [ INFO  ] [ c.m.r.s.security.ResourceSecurityMetadataSource : 47 ] - 请求资源->资源:[/home/account]->[[]]
2016-12-15 20:21:39.529 [ http-bio-8080-exec-6 ] - [ INFO  ] [ c.m.r.exception.exhandler.CustomExceptionHandler : 28 ] - Index: 0, Size: 0
2016-12-15 20:21:39.720 [ http-bio-8080-exec-6 ] - [ INFO  ] [ c.m.r.s.security.ResourceSecurityMetadataSource : 47 ] - 请求资源->资源:[/favicon.ico]->[[]]
2016-12-15 20:22:02.154 [ MLog-Init-Reporter ] - [ INFO  ] [ com.mchange.v2.log.MLog : 203 ] - MLog clients using slf4j logging.
2016-12-15 20:22:02.193 [ RMI TCP Connection(2)-127.0.0.1 ] - [ INFO  ] [ com.mchange.v2.c3p0.C3P0Registry : 203 ] - Initializing c3p0-0.9.5.1 [built 16-June-2015 00:06:36 -0700; debug? true; trace: 10]
2016-12-15 20:22:03.870 [ RMI TCP Connection(2)-127.0.0.1 ] - [ INFO  ] [ c.m.v2.c3p0.impl.AbstractPoolBackedDataSource : 203 ] - Initializing c3p0 pool... com.mchange.v2.c3p0.ComboPooledDataSource [ acquireIncrement -> 3, acquireRetryAttempts -> 30, acquireRetryDelay -> 1000, autoCommitOnClose -> false, automaticTestTable -> null, breakAfterAcquireFailure -> false, checkoutTimeout -> 0, connectionCustomizerClassName -> null, connectionTesterClassName -> com.mchange.v2.c3p0.impl.DefaultConnectionTester, contextClassLoaderSource -> caller, dataSourceName -> 1hge1hf9loale1eta3th|2c29cf55, debugUnreturnedConnectionStackTraces -> false, description -> null, driverClass -> com.mysql.jdbc.Driver, extensions -> {}, factoryClassLocation -> null, forceIgnoreUnresolvedTransactions -> false, forceSynchronousCheckins -> false, forceUseNamedDriverClass -> false, identityToken -> 1hge1hf9loale1eta3th|2c29cf55, idleConnectionTestPeriod -> 0, initialPoolSize -> 3, jdbcUrl -> jdbc:mysql://127.0.0.1:3306/db_house_rent?characterEncoding=UTF-8, maxAdministrativeTaskTime -> 0, maxConnectionAge -> 0, maxIdleTime -> 60, maxIdleTimeExcessConnections -> 0, maxPoolSize -> 50, maxStatements -> 0, maxStatementsPerConnection -> 0, minPoolSize -> 2, numHelperThreads -> 3, preferredTestQuery -> null, privilegeSpawnedThreads -> false, properties -> {user=******, password=******}, propertyCycle -> 0, statementCacheNumDeferredCloseThreads -> 0, testConnectionOnCheckin -> false, testConnectionOnCheckout -> false, unreturnedConnectionTimeout -> 0, userOverrides -> {}, usesTraditionalReflectiveProxies -> false ]
2016-12-15 20:22:04.388 [ RMI TCP Connection(2)-127.0.0.1 ] - [ INFO  ] [ c.m.r.s.security.ResourceSecurityMetadataSource : 97 ] - 资源文件权限参数初始化:资源列表[{Ant [pattern='/user/home']=[ROLE_BASE], Ant [pattern='/community/create']=[ROLE_DEVELOPER], Ant [pattern='/community/cancel']=[ROLE_DEVELOPER], Ant [pattern='/community/pass']=[ROLE_BS_ADMIN], Ant [pattern='/community/refuse']=[ROLE_BS_ADMIN], Ant [pattern='/community/classify']=[ROLE_BS_ADMIN], Ant [pattern='/community/success']=[ROLE_DEVELOPER], Ant [pattern='/community/myClassify']=[ROLE_DEVELOPER], Ant [pattern='/house/issue']=[ROLE_DEVELOPER], Ant [pattern='/admin/index']=[ROLE_BS_ADMIN]}]
2016-12-15 20:22:04.477 [ RMI TCP Connection(2)-127.0.0.1 ] - [ INFO  ] [ c.m.r.s.security.ResourceSecurityMetadataSource : 47 ] - 请求资源->资源:[/cp/user/login]->[[]]
2016-12-15 20:22:04.714 [ RMI TCP Connection(2)-127.0.0.1 ] - [ INFO  ] [ cn.com.showings.lottery.service.jcaptcha.JCaptchaFilter : 95 ] - 参数初始化:验证失败后跳转的链接地址为-[/user/login]
2016-12-15 20:22:06.275 [ http-bio-8080-exec-1 ] - [ INFO  ] [ c.m.r.s.security.ResourceSecurityMetadataSource : 47 ] - 请求资源->资源:[/]->[[]]
2016-12-15 20:22:07.196 [ http-bio-8080-exec-2 ] - [ INFO  ] [ c.m.r.s.security.ResourceSecurityMetadataSource : 47 ] - 请求资源->资源:[/]->[[]]
2016-12-15 20:22:07.591 [ http-bio-8080-exec-5 ] - [ INFO  ] [ c.m.r.s.security.ResourceSecurityMetadataSource : 47 ] - 请求资源->资源:[/]->[[]]
2016-12-15 20:22:08.651 [ http-bio-8080-exec-5 ] - [ INFO  ] [ c.m.r.s.security.ResourceSecurityMetadataSource : 47 ] - 请求资源->资源:[/favicon.ico]->[[]]
2016-12-15 20:22:31.560 [ http-bio-8080-exec-4 ] - [ INFO  ] [ c.m.r.s.security.ResourceSecurityMetadataSource : 47 ] - 请求资源->资源:[/user/login]->[[]]
2016-12-15 20:22:31.950 [ http-bio-8080-exec-4 ] - [ INFO  ] [ c.m.r.s.security.ResourceSecurityMetadataSource : 47 ] - 请求资源->资源:[/favicon.ico]->[[]]
2016-12-15 20:22:39.456 [ http-bio-8080-exec-4 ] - [ INFO  ] [ c.m.rent.service.security.WebUserDetailsService : 90 ] - 读取用户角色:账户名[18650155502]-权限[[ROLE_BASE]]
2016-12-15 20:22:39.496 [ http-bio-8080-exec-4 ] - [ INFO  ] [ c.m.r.s.security.MethodSecurityMetadataSource : 52 ] - 获取Method-资源:[cn.com.showings.lottery.service.IUserService.updateUserLoginInfo]->[[]]
2016-12-15 20:22:39.497 [ http-bio-8080-exec-4 ] - [ INFO  ] [ c.m.r.s.security.MethodSecurityMetadataSource : 52 ] - 获取Method-资源:[cn.com.showings.lottery.service.IUserService.updateUserLoginInfo]->[[]]
2016-12-15 20:22:39.539 [ http-bio-8080-exec-4 ] - [ INFO  ] [ c.m.r.s.security.ResourceSecurityMetadataSource : 47 ] - 请求资源->资源:[/home]->[[]]
2016-12-15 20:22:39.541 [ http-bio-8080-exec-4 ] - [ INFO  ] [ c.m.r.s.security.MethodSecurityMetadataSource : 52 ] - 获取Method-资源:[cn.com.showings.lottery.service.ISysMenuService.selectSysMenusByUserID]->[[]]
2016-12-15 20:22:39.543 [ http-bio-8080-exec-4 ] - [ INFO  ] [ c.m.r.s.security.MethodSecurityMetadataSource : 52 ] - 获取Method-资源:[cn.com.showings.lottery.service.ISysMenuService.selectSysMenusByUserID]->[[]]
2016-12-15 20:22:39.675 [ http-bio-8080-exec-4 ] - [ INFO  ] [ c.m.r.s.security.ResourceSecurityMetadataSource : 47 ] - 请求资源->资源:[/home/account]->[[]]
2016-12-15 20:22:39.685 [ http-bio-8080-exec-4 ] - [ INFO  ] [ c.m.r.exception.exhandler.CustomExceptionHandler : 28 ] - Index: 0, Size: 0
2016-12-15 20:22:39.888 [ http-bio-8080-exec-4 ] - [ INFO  ] [ c.m.r.s.security.ResourceSecurityMetadataSource : 47 ] - 请求资源->资源:[/favicon.ico]->[[]]
2016-12-15 20:24:09.319 [ http-bio-8080-exec-5 ] - [ INFO  ] [ c.m.r.s.security.ResourceSecurityMetadataSource : 47 ] - 请求资源->资源:[/home/account]->[[]]
2016-12-15 20:24:09.327 [ http-bio-8080-exec-5 ] - [ INFO  ] [ c.m.r.exception.exhandler.CustomExceptionHandler : 28 ] - Index: 0, Size: 0
2016-12-15 20:24:10.067 [ http-bio-8080-exec-5 ] - [ INFO  ] [ c.m.r.s.security.ResourceSecurityMetadataSource : 47 ] - 请求资源->资源:[/home/account_update]->[[]]
2016-12-15 20:24:10.385 [ http-bio-8080-exec-7 ] - [ INFO  ] [ c.m.r.s.security.ResourceSecurityMetadataSource : 47 ] - 请求资源->资源:[/address/getAllProvince]->[[]]
2016-12-15 20:24:10.391 [ http-bio-8080-exec-7 ] - [ INFO  ] [ c.m.r.s.security.MethodSecurityMetadataSource : 52 ] - 获取Method-资源:[cn.com.showings.lottery.service.IAddressService.getAllProvince]->[[]]
2016-12-15 20:24:10.391 [ http-bio-8080-exec-7 ] - [ INFO  ] [ c.m.r.s.security.MethodSecurityMetadataSource : 52 ] - 获取Method-资源:[cn.com.showings.lottery.service.IAddressService.getAllProvince]->[[]]
2016-12-15 20:24:10.432 [ http-bio-8080-exec-7 ] - [ INFO  ] [ cn.com.showings.lottery.pojo.JsonResult : 65 ] - JsonResult{status=true, message='null', data=[SelectPoJo{id=110000, text='北京市'}, SelectPoJo{id=120000, text='天津市'}, SelectPoJo{id=130000, text='河北省'}, SelectPoJo{id=140000, text='山西省'}, SelectPoJo{id=150000, text='内蒙古自治区'}, SelectPoJo{id=210000, text='辽宁省'}, SelectPoJo{id=220000, text='吉林省'}, SelectPoJo{id=230000, text='黑龙江省'}, SelectPoJo{id=310000, text='上海市'}, SelectPoJo{id=320000, text='江苏省'}, SelectPoJo{id=330000, text='浙江省'}, SelectPoJo{id=340000, text='安徽省'}, SelectPoJo{id=350000, text='福建省'}, SelectPoJo{id=360000, text='江西省'}, SelectPoJo{id=370000, text='山东省'}, SelectPoJo{id=410000, text='河南省'}, SelectPoJo{id=420000, text='湖北省'}, SelectPoJo{id=430000, text='湖南省'}, SelectPoJo{id=440000, text='广东省'}, SelectPoJo{id=450000, text='广西壮族自治区'}, SelectPoJo{id=460000, text='海南省'}, SelectPoJo{id=500000, text='重庆市'}, SelectPoJo{id=510000, text='四川省'}, SelectPoJo{id=520000, text='贵州省'}, SelectPoJo{id=530000, text='云南省'}, SelectPoJo{id=540000, text='西藏自治区'}, SelectPoJo{id=610000, text='陕西省'}, SelectPoJo{id=620000, text='甘肃省'}, SelectPoJo{id=630000, text='青海省'}, SelectPoJo{id=640000, text='宁夏回族自治区'}, SelectPoJo{id=650000, text='新疆维吾尔自治区'}, SelectPoJo{id=710000, text='台湾省'}, SelectPoJo{id=810000, text='香港特别行政区'}, SelectPoJo{id=820000, text='澳门特别行政区'}]}
2016-12-15 20:24:10.844 [ http-bio-8080-exec-7 ] - [ INFO  ] [ c.m.r.s.security.ResourceSecurityMetadataSource : 47 ] - 请求资源->资源:[/home/account]->[[]]
2016-12-15 20:24:10.845 [ http-bio-8080-exec-7 ] - [ INFO  ] [ c.m.r.exception.exhandler.CustomExceptionHandler : 28 ] - Index: 0, Size: 0
2016-12-15 20:24:15.571 [ http-bio-8080-exec-7 ] - [ INFO  ] [ c.m.r.s.security.ResourceSecurityMetadataSource : 47 ] - 请求资源->资源:[/home/account]->[[]]
2016-12-15 20:24:15.573 [ http-bio-8080-exec-7 ] - [ INFO  ] [ c.m.r.exception.exhandler.CustomExceptionHandler : 28 ] - Index: 0, Size: 0
2016-12-15 20:24:17.026 [ http-bio-8080-exec-7 ] - [ INFO  ] [ c.m.r.s.security.ResourceSecurityMetadataSource : 47 ] - 请求资源->资源:[/home/account]->[[]]
2016-12-15 20:24:17.028 [ http-bio-8080-exec-7 ] - [ INFO  ] [ c.m.r.exception.exhandler.CustomExceptionHandler : 28 ] - Index: 0, Size: 0
2016-12-15 20:24:18.170 [ http-bio-8080-exec-7 ] - [ INFO  ] [ c.m.r.s.security.ResourceSecurityMetadataSource : 47 ] - 请求资源->资源:[/home/account]->[[]]
2016-12-15 20:24:18.172 [ http-bio-8080-exec-7 ] - [ INFO  ] [ c.m.r.exception.exhandler.CustomExceptionHandler : 28 ] - Index: 0, Size: 0
2016-12-15 20:27:19.066 [ MLog-Init-Reporter ] - [ INFO  ] [ com.mchange.v2.log.MLog : 203 ] - MLog clients using slf4j logging.
2016-12-15 20:27:24.130 [ RMI TCP Connection(2)-127.0.0.1 ] - [ INFO  ] [ com.mchange.v2.c3p0.C3P0Registry : 203 ] - Initializing c3p0-0.9.5.1 [built 16-June-2015 00:06:36 -0700; debug? true; trace: 10]
2016-12-15 20:27:31.106 [ RMI TCP Connection(2)-127.0.0.1 ] - [ INFO  ] [ c.m.v2.c3p0.impl.AbstractPoolBackedDataSource : 203 ] - Initializing c3p0 pool... com.mchange.v2.c3p0.ComboPooledDataSource [ acquireIncrement -> 3, acquireRetryAttempts -> 30, acquireRetryDelay -> 1000, autoCommitOnClose -> false, automaticTestTable -> null, breakAfterAcquireFailure -> false, checkoutTimeout -> 0, connectionCustomizerClassName -> null, connectionTesterClassName -> com.mchange.v2.c3p0.impl.DefaultConnectionTester, contextClassLoaderSource -> caller, dataSourceName -> 1hge1hf9lohhsmhyw6jo|a9e2c11, debugUnreturnedConnectionStackTraces -> false, description -> null, driverClass -> com.mysql.jdbc.Driver, extensions -> {}, factoryClassLocation -> null, forceIgnoreUnresolvedTransactions -> false, forceSynchronousCheckins -> false, forceUseNamedDriverClass -> false, identityToken -> 1hge1hf9lohhsmhyw6jo|a9e2c11, idleConnectionTestPeriod -> 0, initialPoolSize -> 3, jdbcUrl -> jdbc:mysql://127.0.0.1:3306/db_house_rent?characterEncoding=UTF-8, maxAdministrativeTaskTime -> 0, maxConnectionAge -> 0, maxIdleTime -> 60, maxIdleTimeExcessConnections -> 0, maxPoolSize -> 50, maxStatements -> 0, maxStatementsPerConnection -> 0, minPoolSize -> 2, numHelperThreads -> 3, preferredTestQuery -> null, privilegeSpawnedThreads -> false, properties -> {user=******, password=******}, propertyCycle -> 0, statementCacheNumDeferredCloseThreads -> 0, testConnectionOnCheckin -> false, testConnectionOnCheckout -> false, unreturnedConnectionTimeout -> 0, userOverrides -> {}, usesTraditionalReflectiveProxies -> false ]
2016-12-15 20:27:31.816 [ RMI TCP Connection(2)-127.0.0.1 ] - [ INFO  ] [ c.m.r.s.security.ResourceSecurityMetadataSource : 97 ] - 资源文件权限参数初始化:资源列表[{Ant [pattern='/user/home']=[ROLE_BASE], Ant [pattern='/community/create']=[ROLE_DEVELOPER], Ant [pattern='/community/cancel']=[ROLE_DEVELOPER], Ant [pattern='/community/pass']=[ROLE_BS_ADMIN], Ant [pattern='/community/refuse']=[ROLE_BS_ADMIN], Ant [pattern='/community/classify']=[ROLE_BS_ADMIN], Ant [pattern='/community/success']=[ROLE_DEVELOPER], Ant [pattern='/community/myClassify']=[ROLE_DEVELOPER], Ant [pattern='/house/issue']=[ROLE_DEVELOPER], Ant [pattern='/admin/index']=[ROLE_BS_ADMIN]}]
2016-12-15 20:27:31.954 [ RMI TCP Connection(2)-127.0.0.1 ] - [ INFO  ] [ c.m.r.s.security.ResourceSecurityMetadataSource : 47 ] - 请求资源->资源:[/cp/user/login]->[[]]
2016-12-15 20:27:32.398 [ RMI TCP Connection(2)-127.0.0.1 ] - [ INFO  ] [ cn.com.showings.lottery.service.jcaptcha.JCaptchaFilter : 95 ] - 参数初始化:验证失败后跳转的链接地址为-[/user/login]
2016-12-15 20:27:33.905 [ http-bio-8080-exec-1 ] - [ INFO  ] [ c.m.r.s.security.ResourceSecurityMetadataSource : 47 ] - 请求资源->资源:[/]->[[]]
2016-12-15 20:27:35.030 [ http-bio-8080-exec-2 ] - [ INFO  ] [ c.m.r.s.security.ResourceSecurityMetadataSource : 47 ] - 请求资源->资源:[/]->[[]]
2016-12-15 20:27:35.508 [ http-bio-8080-exec-5 ] - [ INFO  ] [ c.m.r.s.security.ResourceSecurityMetadataSource : 47 ] - 请求资源->资源:[/]->[[]]
2016-12-15 20:27:36.633 [ http-bio-8080-exec-5 ] - [ INFO  ] [ c.m.r.s.security.ResourceSecurityMetadataSource : 47 ] - 请求资源->资源:[/favicon.ico]->[[]]
2016-12-15 21:32:39.860 [ http-bio-8080-exec-4 ] - [ INFO  ] [ c.m.r.s.security.ResourceSecurityMetadataSource : 47 ] - 请求资源->资源:[/user/login]->[[]]
2016-12-15 21:32:40.393 [ http-bio-8080-exec-4 ] - [ INFO  ] [ c.m.r.s.security.ResourceSecurityMetadataSource : 47 ] - 请求资源->资源:[/favicon.ico]->[[]]
2016-12-15 21:32:50.996 [ http-bio-8080-exec-4 ] - [ INFO  ] [ c.m.rent.service.security.WebUserDetailsService : 90 ] - 读取用户角色:账户名[18650155502]-权限[[ROLE_BASE]]
2016-12-15 21:32:51.065 [ http-bio-8080-exec-4 ] - [ INFO  ] [ c.m.r.s.security.MethodSecurityMetadataSource : 52 ] - 获取Method-资源:[cn.com.showings.lottery.service.IUserService.updateUserLoginInfo]->[[]]
2016-12-15 21:32:51.065 [ http-bio-8080-exec-4 ] - [ INFO  ] [ c.m.r.s.security.MethodSecurityMetadataSource : 52 ] - 获取Method-资源:[cn.com.showings.lottery.service.IUserService.updateUserLoginInfo]->[[]]
2016-12-15 21:32:51.181 [ http-bio-8080-exec-4 ] - [ INFO  ] [ c.m.r.s.security.ResourceSecurityMetadataSource : 47 ] - 请求资源->资源:[/home]->[[]]
2016-12-15 21:32:51.183 [ http-bio-8080-exec-4 ] - [ INFO  ] [ c.m.r.s.security.MethodSecurityMetadataSource : 52 ] - 获取Method-资源:[cn.com.showings.lottery.service.ISysMenuService.selectSysMenusByUserID]->[[]]
2016-12-15 21:32:51.184 [ http-bio-8080-exec-4 ] - [ INFO  ] [ c.m.r.s.security.MethodSecurityMetadataSource : 52 ] - 获取Method-资源:[cn.com.showings.lottery.service.ISysMenuService.selectSysMenusByUserID]->[[]]
2016-12-15 21:32:51.345 [ http-bio-8080-exec-4 ] - [ INFO  ] [ c.m.r.s.security.ResourceSecurityMetadataSource : 47 ] - 请求资源->资源:[/home/account]->[[]]
2016-12-15 21:33:19.445 [ http-bio-8080-exec-4 ] - [ INFO  ] [ c.m.r.exception.exhandler.CustomExceptionHandler : 28 ] - Index: 0, Size: 0
2016-12-15 21:33:19.551 [ http-bio-8080-exec-4 ] - [ INFO  ] [ c.m.r.s.security.ResourceSecurityMetadataSource : 47 ] - 请求资源->资源:[/favicon.ico]->[[]]
2016-12-15 22:14:44.053 [ main ] - [ INFO  ] [ cn.com.showings.lottery.util.CompressUtil : 116 ] - [输出路径]：/Users/wu/Downloads/default2.jpg	[图片名称]：default2.jpg	[压缩前大小]：36KB	[耗时]：166毫秒
2016-12-15 22:17:53.290 [ MLog-Init-Reporter ] - [ INFO  ] [ com.mchange.v2.log.MLog : 203 ] - MLog clients using slf4j logging.
2016-12-15 22:17:58.337 [ RMI TCP Connection(2)-127.0.0.1 ] - [ INFO  ] [ com.mchange.v2.c3p0.C3P0Registry : 203 ] - Initializing c3p0-0.9.5.1 [built 16-June-2015 00:06:36 -0700; debug? true; trace: 10]
2016-12-15 22:18:04.943 [ RMI TCP Connection(2)-127.0.0.1 ] - [ INFO  ] [ c.m.v2.c3p0.impl.AbstractPoolBackedDataSource : 203 ] - Initializing c3p0 pool... com.mchange.v2.c3p0.ComboPooledDataSource [ acquireIncrement -> 3, acquireRetryAttempts -> 30, acquireRetryDelay -> 1000, autoCommitOnClose -> false, automaticTestTable -> null, breakAfterAcquireFailure -> false, checkoutTimeout -> 0, connectionCustomizerClassName -> null, connectionTesterClassName -> com.mchange.v2.c3p0.impl.DefaultConnectionTester, contextClassLoaderSource -> caller, dataSourceName -> 1hge1hf9lsfosa1n2ap7|740959a3, debugUnreturnedConnectionStackTraces -> false, description -> null, driverClass -> com.mysql.jdbc.Driver, extensions -> {}, factoryClassLocation -> null, forceIgnoreUnresolvedTransactions -> false, forceSynchronousCheckins -> false, forceUseNamedDriverClass -> false, identityToken -> 1hge1hf9lsfosa1n2ap7|740959a3, idleConnectionTestPeriod -> 0, initialPoolSize -> 3, jdbcUrl -> jdbc:mysql://127.0.0.1:3306/db_house_rent?characterEncoding=UTF-8, maxAdministrativeTaskTime -> 0, maxConnectionAge -> 0, maxIdleTime -> 60, maxIdleTimeExcessConnections -> 0, maxPoolSize -> 50, maxStatements -> 0, maxStatementsPerConnection -> 0, minPoolSize -> 2, numHelperThreads -> 3, preferredTestQuery -> null, privilegeSpawnedThreads -> false, properties -> {user=******, password=******}, propertyCycle -> 0, statementCacheNumDeferredCloseThreads -> 0, testConnectionOnCheckin -> false, testConnectionOnCheckout -> false, unreturnedConnectionTimeout -> 0, userOverrides -> {}, usesTraditionalReflectiveProxies -> false ]
2016-12-15 22:18:05.501 [ RMI TCP Connection(2)-127.0.0.1 ] - [ INFO  ] [ c.m.r.s.security.ResourceSecurityMetadataSource : 97 ] - 资源文件权限参数初始化:资源列表[{Ant [pattern='/user/home']=[ROLE_BASE], Ant [pattern='/community/create']=[ROLE_DEVELOPER], Ant [pattern='/community/cancel']=[ROLE_DEVELOPER], Ant [pattern='/community/pass']=[ROLE_BS_ADMIN], Ant [pattern='/community/refuse']=[ROLE_BS_ADMIN], Ant [pattern='/community/classify']=[ROLE_BS_ADMIN], Ant [pattern='/community/success']=[ROLE_DEVELOPER], Ant [pattern='/community/myClassify']=[ROLE_DEVELOPER], Ant [pattern='/house/issue']=[ROLE_DEVELOPER], Ant [pattern='/admin/index']=[ROLE_BS_ADMIN]}]
2016-12-15 22:18:05.599 [ RMI TCP Connection(2)-127.0.0.1 ] - [ INFO  ] [ c.m.r.s.security.ResourceSecurityMetadataSource : 47 ] - 请求资源->资源:[/cp/user/login]->[[]]
2016-12-15 22:18:05.873 [ RMI TCP Connection(2)-127.0.0.1 ] - [ INFO  ] [ cn.com.showings.lottery.service.jcaptcha.JCaptchaFilter : 95 ] - 参数初始化:验证失败后跳转的链接地址为-[/user/login]
2016-12-15 22:18:07.290 [ http-bio-8080-exec-1 ] - [ INFO  ] [ c.m.r.s.security.ResourceSecurityMetadataSource : 47 ] - 请求资源->资源:[/]->[[]]
2016-12-15 22:18:08.256 [ http-bio-8080-exec-2 ] - [ INFO  ] [ c.m.r.s.security.ResourceSecurityMetadataSource : 47 ] - 请求资源->资源:[/]->[[]]
2016-12-15 22:18:08.881 [ http-bio-8080-exec-5 ] - [ INFO  ] [ c.m.r.s.security.ResourceSecurityMetadataSource : 47 ] - 请求资源->资源:[/]->[[]]
2016-12-15 22:18:10.377 [ http-bio-8080-exec-5 ] - [ INFO  ] [ c.m.r.s.security.ResourceSecurityMetadataSource : 47 ] - 请求资源->资源:[/favicon.ico]->[[]]
2016-12-15 22:18:24.863 [ http-bio-8080-exec-5 ] - [ INFO  ] [ c.m.r.s.security.ResourceSecurityMetadataSource : 47 ] - 请求资源->资源:[/user/login]->[[]]
2016-12-15 22:18:25.238 [ http-bio-8080-exec-5 ] - [ INFO  ] [ c.m.r.s.security.ResourceSecurityMetadataSource : 47 ] - 请求资源->资源:[/favicon.ico]->[[]]
2016-12-15 22:18:35.566 [ http-bio-8080-exec-5 ] - [ INFO  ] [ c.m.rent.service.security.WebUserDetailsService : 90 ] - 读取用户角色:账户名[18650155502]-权限[[ROLE_BASE]]
2016-12-15 22:18:35.610 [ http-bio-8080-exec-5 ] - [ INFO  ] [ c.m.r.s.security.MethodSecurityMetadataSource : 55 ] - 获取Method-资源:[cn.com.showings.lottery.service.IUserService.updateUserLoginInfo]->[[]]
2016-12-15 22:18:35.611 [ http-bio-8080-exec-5 ] - [ INFO  ] [ c.m.r.s.security.MethodSecurityMetadataSource : 55 ] - 获取Method-资源:[cn.com.showings.lottery.service.IUserService.updateUserLoginInfo]->[[]]
2016-12-15 22:18:35.672 [ http-bio-8080-exec-5 ] - [ INFO  ] [ c.m.r.s.security.ResourceSecurityMetadataSource : 47 ] - 请求资源->资源:[/home]->[[]]
2016-12-15 22:18:35.674 [ http-bio-8080-exec-5 ] - [ INFO  ] [ c.m.r.s.security.MethodSecurityMetadataSource : 55 ] - 获取Method-资源:[cn.com.showings.lottery.service.ISysMenuService.selectSysMenusByUserID]->[[]]
2016-12-15 22:18:35.674 [ http-bio-8080-exec-5 ] - [ INFO  ] [ c.m.r.s.security.MethodSecurityMetadataSource : 55 ] - 获取Method-资源:[cn.com.showings.lottery.service.ISysMenuService.selectSysMenusByUserID]->[[]]
2016-12-15 22:18:35.853 [ http-bio-8080-exec-5 ] - [ INFO  ] [ c.m.r.s.security.ResourceSecurityMetadataSource : 47 ] - 请求资源->资源:[/home/account]->[[]]
2016-12-15 22:18:36.276 [ http-bio-8080-exec-9 ] - [ INFO  ] [ c.m.r.s.security.ResourceSecurityMetadataSource : 47 ] - 请求资源->资源:[/favicon.ico]->[[]]
2016-12-15 22:23:13.760 [ http-bio-8080-exec-8 ] - [ INFO  ] [ c.m.r.s.security.ResourceSecurityMetadataSource : 47 ] - 请求资源->资源:[/home/account]->[[]]
2016-12-15 22:23:45.267 [ http-bio-8080-exec-6 ] - [ INFO  ] [ c.m.r.s.security.ResourceSecurityMetadataSource : 47 ] - 请求资源->资源:[/home/account]->[[]]
2016-12-15 22:23:59.654 [ http-bio-8080-exec-8 ] - [ INFO  ] [ c.m.r.s.security.ResourceSecurityMetadataSource : 47 ] - 请求资源->资源:[/home/account]->[[]]
2016-12-15 22:24:49.482 [ http-bio-8080-exec-9 ] - [ INFO  ] [ c.m.r.s.security.ResourceSecurityMetadataSource : 47 ] - 请求资源->资源:[/home]->[[]]
2016-12-15 22:24:49.507 [ http-bio-8080-exec-9 ] - [ INFO  ] [ c.m.r.s.security.MethodSecurityMetadataSource : 55 ] - 获取Method-资源:[cn.com.showings.lottery.service.ISysMenuService.selectSysMenusByUserID]->[[]]
2016-12-15 22:24:49.509 [ http-bio-8080-exec-9 ] - [ INFO  ] [ c.m.r.s.security.MethodSecurityMetadataSource : 55 ] - 获取Method-资源:[cn.com.showings.lottery.service.ISysMenuService.selectSysMenusByUserID]->[[]]
2016-12-15 22:24:49.835 [ http-bio-8080-exec-9 ] - [ INFO  ] [ c.m.r.s.security.ResourceSecurityMetadataSource : 47 ] - 请求资源->资源:[/home/account]->[[]]
2016-12-15 22:24:50.107 [ http-bio-8080-exec-9 ] - [ INFO  ] [ c.m.r.s.security.ResourceSecurityMetadataSource : 47 ] - 请求资源->资源:[/favicon.ico]->[[]]
2016-12-15 22:25:10.415 [ http-bio-8080-exec-3 ] - [ INFO  ] [ c.m.r.s.security.ResourceSecurityMetadataSource : 47 ] - 请求资源->资源:[/home]->[[]]
2016-12-15 22:25:10.444 [ http-bio-8080-exec-3 ] - [ INFO  ] [ c.m.r.s.security.MethodSecurityMetadataSource : 55 ] - 获取Method-资源:[cn.com.showings.lottery.service.ISysMenuService.selectSysMenusByUserID]->[[]]
2016-12-15 22:25:10.445 [ http-bio-8080-exec-3 ] - [ INFO  ] [ c.m.r.s.security.MethodSecurityMetadataSource : 55 ] - 获取Method-资源:[cn.com.showings.lottery.service.ISysMenuService.selectSysMenusByUserID]->[[]]
2016-12-15 22:25:10.591 [ http-bio-8080-exec-3 ] - [ INFO  ] [ c.m.r.s.security.ResourceSecurityMetadataSource : 47 ] - 请求资源->资源:[/home/account]->[[]]
2016-12-15 22:25:11.172 [ http-bio-8080-exec-3 ] - [ INFO  ] [ c.m.r.s.security.ResourceSecurityMetadataSource : 47 ] - 请求资源->资源:[/favicon.ico]->[[]]
2016-12-15 22:25:38.730 [ http-bio-8080-exec-9 ] - [ INFO  ] [ c.m.r.s.security.ResourceSecurityMetadataSource : 47 ] - 请求资源->资源:[/home]->[[]]
2016-12-15 22:25:38.731 [ http-bio-8080-exec-9 ] - [ INFO  ] [ c.m.r.s.security.MethodSecurityMetadataSource : 55 ] - 获取Method-资源:[cn.com.showings.lottery.service.ISysMenuService.selectSysMenusByUserID]->[[]]
2016-12-15 22:25:38.732 [ http-bio-8080-exec-9 ] - [ INFO  ] [ c.m.r.s.security.MethodSecurityMetadataSource : 55 ] - 获取Method-资源:[cn.com.showings.lottery.service.ISysMenuService.selectSysMenusByUserID]->[[]]
2016-12-15 22:25:38.762 [ http-bio-8080-exec-9 ] - [ INFO  ] [ c.m.r.s.security.ResourceSecurityMetadataSource : 47 ] - 请求资源->资源:[/home/account]->[[]]
2016-12-15 22:25:39.071 [ http-bio-8080-exec-9 ] - [ INFO  ] [ c.m.r.s.security.ResourceSecurityMetadataSource : 47 ] - 请求资源->资源:[/favicon.ico]->[[]]
2016-12-15 22:25:45.579 [ http-bio-8080-exec-9 ] - [ INFO  ] [ c.m.r.s.security.ResourceSecurityMetadataSource : 47 ] - 请求资源->资源:[/home]->[[]]
2016-12-15 22:25:45.580 [ http-bio-8080-exec-9 ] - [ INFO  ] [ c.m.r.s.security.MethodSecurityMetadataSource : 55 ] - 获取Method-资源:[cn.com.showings.lottery.service.ISysMenuService.selectSysMenusByUserID]->[[]]
2016-12-15 22:25:45.581 [ http-bio-8080-exec-9 ] - [ INFO  ] [ c.m.r.s.security.MethodSecurityMetadataSource : 55 ] - 获取Method-资源:[cn.com.showings.lottery.service.ISysMenuService.selectSysMenusByUserID]->[[]]
2016-12-15 22:25:45.633 [ http-bio-8080-exec-9 ] - [ INFO  ] [ c.m.r.s.security.ResourceSecurityMetadataSource : 47 ] - 请求资源->资源:[/home/account]->[[]]
2016-12-15 22:25:45.816 [ http-bio-8080-exec-9 ] - [ INFO  ] [ c.m.r.s.security.ResourceSecurityMetadataSource : 47 ] - 请求资源->资源:[/favicon.ico]->[[]]
2016-12-15 22:26:01.997 [ http-bio-8080-exec-9 ] - [ INFO  ] [ c.m.r.s.security.ResourceSecurityMetadataSource : 47 ] - 请求资源->资源:[/home]->[[]]
2016-12-15 22:26:01.998 [ http-bio-8080-exec-9 ] - [ INFO  ] [ c.m.r.s.security.MethodSecurityMetadataSource : 55 ] - 获取Method-资源:[cn.com.showings.lottery.service.ISysMenuService.selectSysMenusByUserID]->[[]]
2016-12-15 22:26:01.999 [ http-bio-8080-exec-9 ] - [ INFO  ] [ c.m.r.s.security.MethodSecurityMetadataSource : 55 ] - 获取Method-资源:[cn.com.showings.lottery.service.ISysMenuService.selectSysMenusByUserID]->[[]]
2016-12-15 22:26:02.057 [ http-bio-8080-exec-9 ] - [ INFO  ] [ c.m.r.s.security.ResourceSecurityMetadataSource : 47 ] - 请求资源->资源:[/home/account]->[[]]
2016-12-15 22:26:02.461 [ http-bio-8080-exec-4 ] - [ INFO  ] [ c.m.r.s.security.ResourceSecurityMetadataSource : 47 ] - 请求资源->资源:[/favicon.ico]->[[]]
2016-12-15 22:26:05.862 [ http-bio-8080-exec-4 ] - [ INFO  ] [ c.m.r.s.security.ResourceSecurityMetadataSource : 47 ] - 请求资源->资源:[/home/account]->[[]]
2016-12-15 22:26:56.327 [ http-bio-8080-exec-2 ] - [ INFO  ] [ c.m.r.s.security.ResourceSecurityMetadataSource : 47 ] - 请求资源->资源:[/home]->[[]]
2016-12-15 22:26:56.328 [ http-bio-8080-exec-2 ] - [ INFO  ] [ c.m.r.s.security.MethodSecurityMetadataSource : 55 ] - 获取Method-资源:[cn.com.showings.lottery.service.ISysMenuService.selectSysMenusByUserID]->[[]]
2016-12-15 22:26:56.329 [ http-bio-8080-exec-2 ] - [ INFO  ] [ c.m.r.s.security.MethodSecurityMetadataSource : 55 ] - 获取Method-资源:[cn.com.showings.lottery.service.ISysMenuService.selectSysMenusByUserID]->[[]]
2016-12-15 22:26:56.385 [ http-bio-8080-exec-2 ] - [ INFO  ] [ c.m.r.s.security.ResourceSecurityMetadataSource : 47 ] - 请求资源->资源:[/home/account]->[[]]
2016-12-15 22:26:56.822 [ http-bio-8080-exec-2 ] - [ INFO  ] [ c.m.r.s.security.ResourceSecurityMetadataSource : 47 ] - 请求资源->资源:[/favicon.ico]->[[]]
2016-12-15 22:27:14.211 [ http-bio-8080-exec-2 ] - [ INFO  ] [ c.m.r.s.security.ResourceSecurityMetadataSource : 47 ] - 请求资源->资源:[/home]->[[]]
2016-12-15 22:27:14.212 [ http-bio-8080-exec-2 ] - [ INFO  ] [ c.m.r.s.security.MethodSecurityMetadataSource : 55 ] - 获取Method-资源:[cn.com.showings.lottery.service.ISysMenuService.selectSysMenusByUserID]->[[]]
2016-12-15 22:27:14.213 [ http-bio-8080-exec-2 ] - [ INFO  ] [ c.m.r.s.security.MethodSecurityMetadataSource : 55 ] - 获取Method-资源:[cn.com.showings.lottery.service.ISysMenuService.selectSysMenusByUserID]->[[]]
2016-12-15 22:27:14.262 [ http-bio-8080-exec-2 ] - [ INFO  ] [ c.m.r.s.security.ResourceSecurityMetadataSource : 47 ] - 请求资源->资源:[/home/account]->[[]]
2016-12-15 22:27:14.614 [ http-bio-8080-exec-2 ] - [ INFO  ] [ c.m.r.s.security.ResourceSecurityMetadataSource : 47 ] - 请求资源->资源:[/favicon.ico]->[[]]
2016-12-15 22:29:21.167 [ http-bio-8080-exec-4 ] - [ INFO  ] [ c.m.r.s.security.ResourceSecurityMetadataSource : 47 ] - 请求资源->资源:[/home]->[[]]
2016-12-15 22:29:21.178 [ http-bio-8080-exec-4 ] - [ INFO  ] [ c.m.r.s.security.MethodSecurityMetadataSource : 55 ] - 获取Method-资源:[cn.com.showings.lottery.service.ISysMenuService.selectSysMenusByUserID]->[[]]
2016-12-15 22:29:21.179 [ http-bio-8080-exec-4 ] - [ INFO  ] [ c.m.r.s.security.MethodSecurityMetadataSource : 55 ] - 获取Method-资源:[cn.com.showings.lottery.service.ISysMenuService.selectSysMenusByUserID]->[[]]
2016-12-15 22:29:21.247 [ http-bio-8080-exec-4 ] - [ INFO  ] [ c.m.r.s.security.ResourceSecurityMetadataSource : 47 ] - 请求资源->资源:[/home/account]->[[]]
2016-12-15 22:29:21.604 [ http-bio-8080-exec-4 ] - [ INFO  ] [ c.m.r.s.security.ResourceSecurityMetadataSource : 47 ] - 请求资源->资源:[/favicon.ico]->[[]]
2016-12-15 22:31:45.847 [ http-bio-8080-exec-10 ] - [ INFO  ] [ c.m.r.s.security.ResourceSecurityMetadataSource : 47 ] - 请求资源->资源:[/home]->[[]]
2016-12-15 22:31:45.863 [ http-bio-8080-exec-10 ] - [ INFO  ] [ c.m.r.s.security.MethodSecurityMetadataSource : 55 ] - 获取Method-资源:[cn.com.showings.lottery.service.ISysMenuService.selectSysMenusByUserID]->[[]]
2016-12-15 22:31:45.865 [ http-bio-8080-exec-10 ] - [ INFO  ] [ c.m.r.s.security.MethodSecurityMetadataSource : 55 ] - 获取Method-资源:[cn.com.showings.lottery.service.ISysMenuService.selectSysMenusByUserID]->[[]]
2016-12-15 22:31:45.981 [ http-bio-8080-exec-10 ] - [ INFO  ] [ c.m.r.s.security.ResourceSecurityMetadataSource : 47 ] - 请求资源->资源:[/home/account]->[[]]
2016-12-15 22:31:46.358 [ http-bio-8080-exec-7 ] - [ INFO  ] [ c.m.r.s.security.ResourceSecurityMetadataSource : 47 ] - 请求资源->资源:[/favicon.ico]->[[]]
2016-12-15 22:31:51.443 [ http-bio-8080-exec-7 ] - [ INFO  ] [ c.m.r.s.security.ResourceSecurityMetadataSource : 47 ] - 请求资源->资源:[/home/account]->[[]]
2016-12-15 22:31:53.425 [ http-bio-8080-exec-5 ] - [ INFO  ] [ c.m.r.s.security.ResourceSecurityMetadataSource : 47 ] - 请求资源->资源:[/home/account]->[[]]
