
[2016-12-26 23:32:11] [userID:] [com.mchange.v2.log.MLog] 
[INFO ] MLog clients using slf4j logging. 

[2016-12-26 23:32:16] [userID:] [com.mchange.v2.c3p0.C3P0Registry] 
[INFO ] Initializing c3p0-0.9.5.1 [built 16-June-2015 00:06:36 -0700; debug? true; trace: 10] 

[2016-12-26 23:32:23] [userID:] [c.m.v2.c3p0.impl.AbstractPoolBackedDataSource] 
[INFO ] Initializing c3p0 pool... com.mchange.v2.c3p0.ComboPooledDataSource [ acquireIncrement -> 3, acquireRetryAttempts -> 30, acquireRetryDelay -> 1000, autoCommitOnClose -> false, automaticTestTable -> null, breakAfterAcquireFailure -> false, checkoutTimeout -> 0, connectionCustomizerClassName -> null, connectionTesterClassName -> com.mchange.v2.c3p0.impl.DefaultConnectionTester, contextClassLoaderSource -> caller, dataSourceName -> 1hge1hh9lgkxm5ij0l1fa|71a293f3, debugUnreturnedConnectionStackTraces -> false, description -> null, driverClass -> com.mysql.jdbc.Driver, extensions -> {}, factoryClassLocation -> null, forceIgnoreUnresolvedTransactions -> false, forceSynchronousCheckins -> false, forceUseNamedDriverClass -> false, identityToken -> 1hge1hh9lgkxm5ij0l1fa|71a293f3, idleConnectionTestPeriod -> 0, initialPoolSize -> 3, jdbcUrl -> jdbc:mysql://127.0.0.1:3306/showings?characterEncoding=UTF-8, maxAdministrativeTaskTime -> 0, maxConnectionAge -> 0, maxIdleTime -> 60, maxIdleTimeExcessConnections -> 0, maxPoolSize -> 50, maxStatements -> 0, maxStatementsPerConnection -> 0, minPoolSize -> 2, numHelperThreads -> 3, preferredTestQuery -> null, privilegeSpawnedThreads -> false, properties -> {user=******, password=******}, propertyCycle -> 0, statementCacheNumDeferredCloseThreads -> 0, testConnectionOnCheckin -> false, testConnectionOnCheckout -> false, unreturnedConnectionTimeout -> 0, userOverrides -> {}, usesTraditionalReflectiveProxies -> false ] 

[2016-12-26 23:32:24] [userID:] [c.m.r.s.i.security.ResourceSecurityMetadataSource] 
[INFO ] 资源文件权限参数初始化:资源列表[{Ant [pattern='/user/home']=[ROLE_BASE], Ant [pattern='/community/create']=[ROLE_DEVELOPER], Ant [pattern='/community/cancel']=[ROLE_DEVELOPER], Ant [pattern='/community/pass']=[ROLE_BS_ADMIN], Ant [pattern='/community/refuse']=[ROLE_BS_ADMIN], Ant [pattern='/community/classify']=[ROLE_BS_ADMIN], Ant [pattern='/community/success']=[ROLE_DEVELOPER], Ant [pattern='/community/myClassify']=[ROLE_DEVELOPER], Ant [pattern='/house/issue']=[ROLE_DEVELOPER], Ant [pattern='/admin/index']=[ROLE_BS_ADMIN]}] 

[2016-12-26 23:32:24] [userID:] [c.m.r.s.i.security.ResourceSecurityMetadataSource] 
[INFO ] 请求资源:/cp/user/login 

[2016-12-26 23:32:24] [userID:] [com.magic.rent.filter.JCaptchaFilter] 
[INFO ] 参数初始化:验证失败后跳转的链接地址为-[/user/login] 

[2016-12-26 23:32:27] [userID:NotLogin] [c.m.r.s.i.security.ResourceSecurityMetadataSource] 
[INFO ] 请求资源:/ 

[2016-12-26 23:32:28] [userID:NotLogin] [c.m.r.s.i.security.ResourceSecurityMetadataSource] 
[INFO ] 请求资源:/ 

[2016-12-26 23:32:28] [userID:NotLogin] [c.m.r.s.i.security.ResourceSecurityMetadataSource] 
[INFO ] 请求资源:/ 

[2016-12-26 23:32:29] [userID:NotLogin] [c.m.r.s.i.security.ResourceSecurityMetadataSource] 
[INFO ] 请求资源:/favicon.ico 

[2016-12-26 23:32:40] [userID:NotLogin] [c.m.r.s.i.security.ResourceSecurityMetadataSource] 
[INFO ] 请求资源:/user/login 

[2016-12-26 23:32:40] [userID:NotLogin] [c.m.r.s.i.security.ResourceSecurityMetadataSource] 
[INFO ] 请求资源:/favicon.ico 

[2016-12-26 23:32:47] [userID:NotLogin] [c.m.r.service.impl.security.WebUserDetailsService] 
[INFO ] 读取用户角色对应权限[[ROLE_BASE]] 

[2016-12-26 23:32:47] [userID:NotLogin] [c.m.r.s.impl.security.MethodSecurityMetadataSource] 
[INFO ] 请求的方法:[cn.com.showings.lottery.service.IUserService.updateUserLoginInfo]

[2016-12-26 23:32:47] [userID:NotLogin] [c.m.r.s.impl.security.MethodSecurityMetadataSource] 
[INFO ] 请求的方法:[cn.com.showings.lottery.service.IUserService.updateUserLoginInfo]

[2016-12-26 23:32:48] [userID:15] [c.m.r.s.i.security.ResourceSecurityMetadataSource] 
[INFO ] 请求资源:/home 

[2016-12-26 23:32:48] [userID:15] [c.m.r.s.i.security.ResourceSecurityMetadataSource] 
[INFO ] 请求资源:/home/account 

[2016-12-26 23:32:48] [userID:15] [c.m.r.s.i.security.ResourceSecurityMetadataSource] 
[INFO ] 请求资源:/favicon.ico 

[2016-12-26 23:32:52] [userID:15] [c.m.r.s.i.security.ResourceSecurityMetadataSource] 
[INFO ] 请求资源:/home/hand_house_issue 

[2016-12-26 23:37:08] [userID:15] [c.m.r.s.i.security.ResourceSecurityMetadataSource] 
[INFO ] 请求资源:/home/hand_house_issue 

[2016-12-26 23:38:28] [userID:15] [c.m.r.s.i.security.ResourceSecurityMetadataSource] 
[INFO ] 请求资源:/home 

[2016-12-26 23:38:29] [userID:15] [c.m.r.s.i.security.ResourceSecurityMetadataSource] 
[INFO ] 请求资源:/home/account 

[2016-12-26 23:38:31] [userID:15] [c.m.r.s.i.security.ResourceSecurityMetadataSource] 
[INFO ] 请求资源:/favicon.ico 

[2016-12-26 23:38:31] [userID:15] [c.m.r.s.i.security.ResourceSecurityMetadataSource] 
[INFO ] 请求资源:/home/hand_house_issue 

[2016-12-26 23:38:34] [userID:15] [c.m.r.s.i.security.ResourceSecurityMetadataSource] 
[INFO ] 请求资源:/home/hand_house_issue 

[2016-12-26 23:38:59] [userID:15] [c.m.r.s.i.security.ResourceSecurityMetadataSource] 
[INFO ] 请求资源:/home/hand_house_issue 

[2016-12-26 23:39:31] [userID:15] [c.m.r.s.i.security.ResourceSecurityMetadataSource] 
[INFO ] 请求资源:/home/hand_house_issue 

[2016-12-26 23:39:44] [userID:15] [c.m.r.s.i.security.ResourceSecurityMetadataSource] 
[INFO ] 请求资源:/home 

[2016-12-26 23:39:44] [userID:15] [c.m.r.s.i.security.ResourceSecurityMetadataSource] 
[INFO ] 请求资源:/home/account 

[2016-12-26 23:39:44] [userID:15] [c.m.r.s.i.security.ResourceSecurityMetadataSource] 
[INFO ] 请求资源:/favicon.ico 

[2016-12-26 23:39:45] [userID:15] [c.m.r.s.i.security.ResourceSecurityMetadataSource] 
[INFO ] 请求资源:/home/hand_house_issue 

[2016-12-26 23:41:56] [userID:15] [c.m.r.s.i.security.ResourceSecurityMetadataSource] 
[INFO ] 请求资源:/home 

[2016-12-26 23:41:56] [userID:15] [c.m.r.s.i.security.ResourceSecurityMetadataSource] 
[INFO ] 请求资源:/home/account 

[2016-12-26 23:41:56] [userID:15] [c.m.r.s.i.security.ResourceSecurityMetadataSource] 
[INFO ] 请求资源:/favicon.ico 

[2016-12-26 23:42:03] [userID:15] [c.m.r.s.i.security.ResourceSecurityMetadataSource] 
[INFO ] 请求资源:/home/hand_house_issue 

[2016-12-26 23:43:53] [userID:15] [c.m.r.s.i.security.ResourceSecurityMetadataSource] 
[INFO ] 请求资源:/home 

[2016-12-26 23:43:54] [userID:15] [c.m.r.s.i.security.ResourceSecurityMetadataSource] 
[INFO ] 请求资源:/home/account 

[2016-12-26 23:43:54] [userID:15] [c.m.r.s.i.security.ResourceSecurityMetadataSource] 
[INFO ] 请求资源:/favicon.ico 

[2016-12-26 23:44:05] [userID:15] [c.m.r.s.i.security.ResourceSecurityMetadataSource] 
[INFO ] 请求资源:/home/hand_house_issue 

[2016-12-26 23:44:24] [userID:15] [c.m.r.s.i.security.ResourceSecurityMetadataSource] 
[INFO ] 请求资源:/home 

[2016-12-26 23:44:24] [userID:15] [c.m.r.s.i.security.ResourceSecurityMetadataSource] 
[INFO ] 请求资源:/home/account 

[2016-12-26 23:44:24] [userID:15] [c.m.r.s.i.security.ResourceSecurityMetadataSource] 
[INFO ] 请求资源:/favicon.ico 

[2016-12-26 23:44:26] [userID:15] [c.m.r.s.i.security.ResourceSecurityMetadataSource] 
[INFO ] 请求资源:/home/hand_house_issue 

[2016-12-26 23:44:52] [userID:15] [c.m.r.s.i.security.ResourceSecurityMetadataSource] 
[INFO ] 请求资源:/home 

[2016-12-26 23:44:52] [userID:15] [c.m.r.s.i.security.ResourceSecurityMetadataSource] 
[INFO ] 请求资源:/home/account 

[2016-12-26 23:44:52] [userID:15] [c.m.r.s.i.security.ResourceSecurityMetadataSource] 
[INFO ] 请求资源:/favicon.ico 

[2016-12-26 23:44:53] [userID:15] [c.m.r.s.i.security.ResourceSecurityMetadataSource] 
[INFO ] 请求资源:/home/hand_house_issue 

[2016-12-26 23:45:27] [userID:15] [c.m.r.s.i.security.ResourceSecurityMetadataSource] 
[INFO ] 请求资源:/home/account 

[2016-12-26 23:45:28] [userID:15] [c.m.r.s.i.security.ResourceSecurityMetadataSource] 
[INFO ] 请求资源:/home/hand_house_issue 

[2016-12-26 23:46:27] [userID:15] [c.m.r.s.i.security.ResourceSecurityMetadataSource] 
[INFO ] 请求资源:/home 

[2016-12-26 23:46:27] [userID:15] [c.m.r.s.i.security.ResourceSecurityMetadataSource] 
[INFO ] 请求资源:/home/account 

[2016-12-26 23:46:27] [userID:15] [c.m.r.s.i.security.ResourceSecurityMetadataSource] 
[INFO ] 请求资源:/favicon.ico 

[2016-12-26 23:46:28] [userID:15] [c.m.r.s.i.security.ResourceSecurityMetadataSource] 
[INFO ] 请求资源:/home/hand_house_issue 

[2016-12-26 23:46:50] [userID:15] [c.m.r.s.i.security.ResourceSecurityMetadataSource] 
[INFO ] 请求资源:/home/hand_house_issue 

[2016-12-26 23:46:52] [userID:15] [c.m.r.s.i.security.ResourceSecurityMetadataSource] 
[INFO ] 请求资源:/home/hand_house_issue 

[2016-12-26 23:47:09] [userID:15] [c.m.r.s.i.security.ResourceSecurityMetadataSource] 
[INFO ] 请求资源:/home/hand_house_issue 

[2016-12-26 23:48:04] [userID:15] [c.m.r.s.i.security.ResourceSecurityMetadataSource] 
[INFO ] 请求资源:/home 

[2016-12-26 23:48:05] [userID:15] [c.m.r.s.i.security.ResourceSecurityMetadataSource] 
[INFO ] 请求资源:/home/account 

[2016-12-26 23:48:05] [userID:15] [c.m.r.s.i.security.ResourceSecurityMetadataSource] 
[INFO ] 请求资源:/favicon.ico 

[2016-12-26 23:48:06] [userID:15] [c.m.r.s.i.security.ResourceSecurityMetadataSource] 
[INFO ] 请求资源:/home/hand_house_issue 

[2016-12-26 23:48:38] [userID:15] [c.m.r.s.i.security.ResourceSecurityMetadataSource] 
[INFO ] 请求资源:/home 

[2016-12-26 23:48:38] [userID:15] [c.m.r.s.i.security.ResourceSecurityMetadataSource] 
[INFO ] 请求资源:/home/account 

[2016-12-26 23:48:38] [userID:15] [c.m.r.s.i.security.ResourceSecurityMetadataSource] 
[INFO ] 请求资源:/favicon.ico 

[2016-12-26 23:48:39] [userID:15] [c.m.r.s.i.security.ResourceSecurityMetadataSource] 
[INFO ] 请求资源:/home/hand_house_issue 

[2016-12-26 23:49:09] [userID:15] [c.m.r.s.i.security.ResourceSecurityMetadataSource] 
[INFO ] 请求资源:/home/hand_house_issue 

[2016-12-26 23:50:13] [userID:15] [c.m.r.s.i.security.ResourceSecurityMetadataSource] 
[INFO ] 请求资源:/home 

[2016-12-26 23:50:13] [userID:15] [c.m.r.s.i.security.ResourceSecurityMetadataSource] 
[INFO ] 请求资源:/home/account 

[2016-12-26 23:50:14] [userID:15] [c.m.r.s.i.security.ResourceSecurityMetadataSource] 
[INFO ] 请求资源:/favicon.ico 

[2016-12-26 23:50:15] [userID:15] [c.m.r.s.i.security.ResourceSecurityMetadataSource] 
[INFO ] 请求资源:/home/hand_house_issue 

[2016-12-26 23:51:19] [userID:15] [c.m.r.s.i.security.ResourceSecurityMetadataSource] 
[INFO ] 请求资源:/home 

[2016-12-26 23:51:19] [userID:15] [c.m.r.s.i.security.ResourceSecurityMetadataSource] 
[INFO ] 请求资源:/home/account 

[2016-12-26 23:51:19] [userID:15] [c.m.r.s.i.security.ResourceSecurityMetadataSource] 
[INFO ] 请求资源:/favicon.ico 

[2016-12-26 23:51:20] [userID:15] [c.m.r.s.i.security.ResourceSecurityMetadataSource] 
[INFO ] 请求资源:/home/hand_house_issue 

[2016-12-26 23:51:57] [userID:15] [c.m.r.s.i.security.ResourceSecurityMetadataSource] 
[INFO ] 请求资源:/home/hand_house_issue 

[2016-12-26 23:52:11] [userID:15] [c.m.r.s.i.security.ResourceSecurityMetadataSource] 
[INFO ] 请求资源:/home 

[2016-12-26 23:52:11] [userID:15] [c.m.r.s.i.security.ResourceSecurityMetadataSource] 
[INFO ] 请求资源:/home/account 

[2016-12-26 23:52:11] [userID:15] [c.m.r.s.i.security.ResourceSecurityMetadataSource] 
[INFO ] 请求资源:/favicon.ico 

[2016-12-26 23:52:13] [userID:15] [c.m.r.s.i.security.ResourceSecurityMetadataSource] 
[INFO ] 请求资源:/home/hand_house_issue 

[2016-12-26 23:53:35] [userID:15] [c.m.r.s.i.security.ResourceSecurityMetadataSource] 
[INFO ] 请求资源:/home/hand_house_issue 

[2016-12-26 23:53:50] [userID:15] [c.m.r.s.i.security.ResourceSecurityMetadataSource] 
[INFO ] 请求资源:/home 

[2016-12-26 23:53:51] [userID:15] [c.m.r.s.i.security.ResourceSecurityMetadataSource] 
[INFO ] 请求资源:/home/account 

[2016-12-26 23:53:51] [userID:15] [c.m.r.s.i.security.ResourceSecurityMetadataSource] 
[INFO ] 请求资源:/favicon.ico 

[2016-12-26 23:53:52] [userID:15] [c.m.r.s.i.security.ResourceSecurityMetadataSource] 
[INFO ] 请求资源:/home/hand_house_issue 

[2016-12-26 23:54:43] [userID:15] [c.m.r.s.i.security.ResourceSecurityMetadataSource] 
[INFO ] 请求资源:/home/hand_house_issue 

[2016-12-26 23:55:18] [userID:15] [c.m.r.s.i.security.ResourceSecurityMetadataSource] 
[INFO ] 请求资源:/home 

[2016-12-26 23:55:19] [userID:15] [c.m.r.s.i.security.ResourceSecurityMetadataSource] 
[INFO ] 请求资源:/home/account 

[2016-12-26 23:55:19] [userID:15] [c.m.r.s.i.security.ResourceSecurityMetadataSource] 
[INFO ] 请求资源:/favicon.ico 

[2016-12-26 23:55:20] [userID:15] [c.m.r.s.i.security.ResourceSecurityMetadataSource] 
[INFO ] 请求资源:/home/hand_house_issue 

[2016-12-26 23:56:09] [userID:15] [c.m.r.s.i.security.ResourceSecurityMetadataSource] 
[INFO ] 请求资源:/home 

[2016-12-26 23:56:09] [userID:15] [c.m.r.s.i.security.ResourceSecurityMetadataSource] 
[INFO ] 请求资源:/home/account 

[2016-12-26 23:56:09] [userID:15] [c.m.r.s.i.security.ResourceSecurityMetadataSource] 
[INFO ] 请求资源:/favicon.ico 

[2016-12-26 23:56:10] [userID:15] [c.m.r.s.i.security.ResourceSecurityMetadataSource] 
[INFO ] 请求资源:/home/hand_house_issue 

[2016-12-26 23:56:28] [userID:15] [c.m.r.s.i.security.ResourceSecurityMetadataSource] 
[INFO ] 请求资源:/home/hand_house_issue 

[2016-12-26 23:56:29] [userID:15] [c.m.r.s.i.security.ResourceSecurityMetadataSource] 
[INFO ] 请求资源:/home/hand_house_issue 

[2016-12-26 23:57:10] [userID:15] [c.m.r.s.i.security.ResourceSecurityMetadataSource] 
[INFO ] 请求资源:/home 

[2016-12-26 23:57:10] [userID:15] [c.m.r.s.i.security.ResourceSecurityMetadataSource] 
[INFO ] 请求资源:/home/account 

[2016-12-26 23:57:10] [userID:15] [c.m.r.s.i.security.ResourceSecurityMetadataSource] 
[INFO ] 请求资源:/favicon.ico 

[2016-12-26 23:57:11] [userID:15] [c.m.r.s.i.security.ResourceSecurityMetadataSource] 
[INFO ] 请求资源:/home/hand_house_issue 

[2016-12-26 23:57:27] [userID:15] [c.m.r.s.i.security.ResourceSecurityMetadataSource] 
[INFO ] 请求资源:/ 

[2016-12-26 23:57:28] [userID:15] [c.m.r.s.i.security.ResourceSecurityMetadataSource] 
[INFO ] 请求资源:/favicon.ico 

[2016-12-26 23:57:29] [userID:15] [c.m.r.s.i.security.ResourceSecurityMetadataSource] 
[INFO ] 请求资源:/home 

[2016-12-26 23:57:29] [userID:15] [c.m.r.s.i.security.ResourceSecurityMetadataSource] 
[INFO ] 请求资源:/home/account 

[2016-12-26 23:57:29] [userID:15] [c.m.r.s.i.security.ResourceSecurityMetadataSource] 
[INFO ] 请求资源:/favicon.ico 

[2016-12-26 23:57:31] [userID:15] [c.m.r.s.i.security.ResourceSecurityMetadataSource] 
[INFO ] 请求资源:/home/hand_house_issue 

[2016-12-26 23:57:37] [userID:15] [c.m.r.s.i.security.ResourceSecurityMetadataSource] 
[INFO ] 请求资源:/home/hand_house_issue 
